13-Jun-2026 00:02:44.951 INFO [main] org.apache.catalina.startup.VersionLoggerListener.log Server version name:   Apache Tomcat/10.1.55
13-Jun-2026 00:02:44.967 INFO [main] org.apache.catalina.startup.VersionLoggerListener.log Server built:          May 5 2026 13:33:02 UTC
13-Jun-2026 00:02:44.968 INFO [main] org.apache.catalina.startup.VersionLoggerListener.log Server version number: 10.1.55.0
13-Jun-2026 00:02:44.968 INFO [main] org.apache.catalina.startup.VersionLoggerListener.log OS Name:               Windows 11
13-Jun-2026 00:02:44.968 INFO [main] org.apache.catalina.startup.VersionLoggerListener.log OS Version:            10.0
13-Jun-2026 00:02:44.968 INFO [main] org.apache.catalina.startup.VersionLoggerListener.log Architecture:          amd64
13-Jun-2026 00:02:44.970 INFO [main] org.apache.catalina.startup.VersionLoggerListener.log Java Home:             C:\Program Files\Eclipse Adoptium\jdk-17.0.17.10-hotspot
13-Jun-2026 00:02:44.970 INFO [main] org.apache.catalina.startup.VersionLoggerListener.log JVM Version:           17.0.17+10
13-Jun-2026 00:02:44.971 INFO [main] org.apache.catalina.startup.VersionLoggerListener.log JVM Vendor:            Eclipse Adoptium
13-Jun-2026 00:02:44.972 INFO [main] org.apache.catalina.startup.VersionLoggerListener.log CATALINA_BASE:         C:\Users\Lenovo\Desktop\RADHIKA BE\3rd sem\PBL\dsatm-exam-system_main\dsatm-exam-system\apache-tomcat-10.1.55
13-Jun-2026 00:02:44.972 INFO [main] org.apache.catalina.startup.VersionLoggerListener.log CATALINA_HOME:         C:\Users\Lenovo\Desktop\RADHIKA BE\3rd sem\PBL\dsatm-exam-system_main\dsatm-exam-system\apache-tomcat-10.1.55
13-Jun-2026 00:02:45.001 INFO [main] org.apache.catalina.startup.VersionLoggerListener.log Command line argument: -Djava.util.logging.config.file=C:\Users\Lenovo\Desktop\RADHIKA BE\3rd sem\PBL\dsatm-exam-system_main\dsatm-exam-system\apache-tomcat-10.1.55\conf\logging.properties
13-Jun-2026 00:02:45.002 INFO [main] org.apache.catalina.startup.VersionLoggerListener.log Command line argument: -Djava.util.logging.manager=org.apache.juli.ClassLoaderLogManager
13-Jun-2026 00:02:45.003 INFO [main] org.apache.catalina.startup.VersionLoggerListener.log Command line argument: -Djdk.tls.ephemeralDHKeySize=2048
13-Jun-2026 00:02:45.003 INFO [main] org.apache.catalina.startup.VersionLoggerListener.log Command line argument: -Djava.protocol.handler.pkgs=org.apache.catalina.webresources
13-Jun-2026 00:02:45.004 INFO [main] org.apache.catalina.startup.VersionLoggerListener.log Command line argument: -Dsun.io.useCanonCaches=false
13-Jun-2026 00:02:45.004 INFO [main] org.apache.catalina.startup.VersionLoggerListener.log Command line argument: --add-opens=java.base/java.lang=ALL-UNNAMED
13-Jun-2026 00:02:45.004 INFO [main] org.apache.catalina.startup.VersionLoggerListener.log Command line argument: --add-opens=java.base/java.lang.reflect=ALL-UNNAMED
13-Jun-2026 00:02:45.005 INFO [main] org.apache.catalina.startup.VersionLoggerListener.log Command line argument: --add-opens=java.base/java.io=ALL-UNNAMED
13-Jun-2026 00:02:45.005 INFO [main] org.apache.catalina.startup.VersionLoggerListener.log Command line argument: --add-opens=java.base/java.util=ALL-UNNAMED
13-Jun-2026 00:02:45.006 INFO [main] org.apache.catalina.startup.VersionLoggerListener.log Command line argument: --add-opens=java.base/java.util.concurrent=ALL-UNNAMED
13-Jun-2026 00:02:45.006 INFO [main] org.apache.catalina.startup.VersionLoggerListener.log Command line argument: --add-opens=java.rmi/sun.rmi.transport=ALL-UNNAMED
13-Jun-2026 00:02:45.006 INFO [main] org.apache.catalina.startup.VersionLoggerListener.log Command line argument: -Dcatalina.base=C:\Users\Lenovo\Desktop\RADHIKA BE\3rd sem\PBL\dsatm-exam-system_main\dsatm-exam-system\apache-tomcat-10.1.55
13-Jun-2026 00:02:45.007 INFO [main] org.apache.catalina.startup.VersionLoggerListener.log Command line argument: -Dcatalina.home=C:\Users\Lenovo\Desktop\RADHIKA BE\3rd sem\PBL\dsatm-exam-system_main\dsatm-exam-system\apache-tomcat-10.1.55
13-Jun-2026 00:02:45.007 INFO [main] org.apache.catalina.startup.VersionLoggerListener.log Command line argument: -Djava.io.tmpdir=C:\Users\Lenovo\Desktop\RADHIKA BE\3rd sem\PBL\dsatm-exam-system_main\dsatm-exam-system\apache-tomcat-10.1.55\temp
13-Jun-2026 00:02:45.015 INFO [main] org.apache.catalina.core.AprLifecycleListener.lifecycleEvent Loaded Apache Tomcat Native library [2.0.14] using APR version [1.7.6].
13-Jun-2026 00:02:45.030 INFO [main] org.apache.catalina.core.AprLifecycleListener.initializeSSL OpenSSL successfully initialized [OpenSSL 3.5.5 27 Jan 2026]
13-Jun-2026 00:02:45.728 INFO [main] org.apache.coyote.AbstractProtocol.init Initializing ProtocolHandler ["http-nio-8080"]
13-Jun-2026 00:02:45.835 INFO [main] org.apache.catalina.startup.Catalina.load Server initialization in [1393] milliseconds
13-Jun-2026 00:02:45.953 INFO [main] org.apache.catalina.core.StandardService.startInternal Starting service [Catalina]
13-Jun-2026 00:02:45.953 INFO [main] org.apache.catalina.core.StandardEngine.startInternal Starting Servlet engine: [Apache Tomcat/10.1.55]
13-Jun-2026 00:02:45.979 INFO [main] org.apache.catalina.startup.HostConfig.deployDirectory Deploying web application directory [C:\Users\Lenovo\Desktop\RADHIKA BE\3rd sem\PBL\dsatm-exam-system_main\dsatm-exam-system\apache-tomcat-10.1.55\webapps\docs]
13-Jun-2026 00:02:52.933 INFO [main] org.apache.jasper.servlet.TldScanner.scanJars At least one JAR was scanned for TLDs yet contained no TLDs. Enable debug logging for this logger for a complete list of JARs that were scanned but no TLDs were found in them. Skipping unneeded JARs during scanning can improve startup time and JSP compilation time.
13-Jun-2026 00:02:53.156 WARNING [main] org.apache.catalina.util.SessionIdGeneratorBase.createSecureRandom Creation of SecureRandom instance for session ID generation using [SHA1PRNG] took [149] milliseconds.
13-Jun-2026 00:02:53.236 INFO [main] org.apache.catalina.startup.HostConfig.deployDirectory Deployment of web application directory [C:\Users\Lenovo\Desktop\RADHIKA BE\3rd sem\PBL\dsatm-exam-system_main\dsatm-exam-system\apache-tomcat-10.1.55\webapps\docs] has finished in [7,257] ms
13-Jun-2026 00:02:53.237 INFO [main] org.apache.catalina.startup.HostConfig.deployDirectory Deploying web application directory [C:\Users\Lenovo\Desktop\RADHIKA BE\3rd sem\PBL\dsatm-exam-system_main\dsatm-exam-system\apache-tomcat-10.1.55\webapps\ETS]
13-Jun-2026 00:02:56.233 INFO [main] org.apache.jasper.servlet.TldScanner.scanJars At least one JAR was scanned for TLDs yet contained no TLDs. Enable debug logging for this logger for a complete list of JARs that were scanned but no TLDs were found in them. Skipping unneeded JARs during scanning can improve startup time and JSP compilation time.
13-Jun-2026 00:02:56.254 INFO [main] org.apache.catalina.startup.HostConfig.deployDirectory Deployment of web application directory [C:\Users\Lenovo\Desktop\RADHIKA BE\3rd sem\PBL\dsatm-exam-system_main\dsatm-exam-system\apache-tomcat-10.1.55\webapps\ETS] has finished in [3,017] ms
13-Jun-2026 00:02:56.258 INFO [main] org.apache.catalina.startup.HostConfig.deployDirectory Deploying web application directory [C:\Users\Lenovo\Desktop\RADHIKA BE\3rd sem\PBL\dsatm-exam-system_main\dsatm-exam-system\apache-tomcat-10.1.55\webapps\examples]
13-Jun-2026 00:02:58.282 INFO [main] org.apache.jasper.servlet.TldScanner.scanJars At least one JAR was scanned for TLDs yet contained no TLDs. Enable debug logging for this logger for a complete list of JARs that were scanned but no TLDs were found in them. Skipping unneeded JARs during scanning can improve startup time and JSP compilation time.
13-Jun-2026 00:02:58.426 INFO [main] org.apache.catalina.startup.HostConfig.deployDirectory Deployment of web application directory [C:\Users\Lenovo\Desktop\RADHIKA BE\3rd sem\PBL\dsatm-exam-system_main\dsatm-exam-system\apache-tomcat-10.1.55\webapps\examples] has finished in [2,167] ms
13-Jun-2026 00:02:58.426 INFO [main] org.apache.catalina.startup.HostConfig.deployDirectory Deploying web application directory [C:\Users\Lenovo\Desktop\RADHIKA BE\3rd sem\PBL\dsatm-exam-system_main\dsatm-exam-system\apache-tomcat-10.1.55\webapps\host-manager]
13-Jun-2026 00:02:59.884 INFO [main] org.apache.jasper.servlet.TldScanner.scanJars At least one JAR was scanned for TLDs yet contained no TLDs. Enable debug logging for this logger for a complete list of JARs that were scanned but no TLDs were found in them. Skipping unneeded JARs during scanning can improve startup time and JSP compilation time.
13-Jun-2026 00:02:59.895 INFO [main] org.apache.catalina.startup.HostConfig.deployDirectory Deployment of web application directory [C:\Users\Lenovo\Desktop\RADHIKA BE\3rd sem\PBL\dsatm-exam-system_main\dsatm-exam-system\apache-tomcat-10.1.55\webapps\host-manager] has finished in [1,468] ms
13-Jun-2026 00:02:59.895 INFO [main] org.apache.catalina.startup.HostConfig.deployDirectory Deploying web application directory [C:\Users\Lenovo\Desktop\RADHIKA BE\3rd sem\PBL\dsatm-exam-system_main\dsatm-exam-system\apache-tomcat-10.1.55\webapps\manager]
13-Jun-2026 00:03:01.356 INFO [main] org.apache.jasper.servlet.TldScanner.scanJars At least one JAR was scanned for TLDs yet contained no TLDs. Enable debug logging for this logger for a complete list of JARs that were scanned but no TLDs were found in them. Skipping unneeded JARs during scanning can improve startup time and JSP compilation time.
13-Jun-2026 00:03:01.363 INFO [main] org.apache.catalina.startup.HostConfig.deployDirectory Deployment of web application directory [C:\Users\Lenovo\Desktop\RADHIKA BE\3rd sem\PBL\dsatm-exam-system_main\dsatm-exam-system\apache-tomcat-10.1.55\webapps\manager] has finished in [1,467] ms
13-Jun-2026 00:03:01.363 INFO [main] org.apache.catalina.startup.HostConfig.deployDirectory Deploying web application directory [C:\Users\Lenovo\Desktop\RADHIKA BE\3rd sem\PBL\dsatm-exam-system_main\dsatm-exam-system\apache-tomcat-10.1.55\webapps\ROOT]
13-Jun-2026 00:03:03.584 INFO [main] org.apache.jasper.servlet.TldScanner.scanJars At least one JAR was scanned for TLDs yet contained no TLDs. Enable debug logging for this logger for a complete list of JARs that were scanned but no TLDs were found in them. Skipping unneeded JARs during scanning can improve startup time and JSP compilation time.
13-Jun-2026 00:03:03.588 INFO [main] org.apache.catalina.startup.HostConfig.deployDirectory Deployment of web application directory [C:\Users\Lenovo\Desktop\RADHIKA BE\3rd sem\PBL\dsatm-exam-system_main\dsatm-exam-system\apache-tomcat-10.1.55\webapps\ROOT] has finished in [2,225] ms
13-Jun-2026 00:03:03.594 INFO [main] org.apache.coyote.AbstractProtocol.start Starting ProtocolHandler ["http-nio-8080"]
13-Jun-2026 00:03:03.690 INFO [main] org.apache.catalina.startup.Catalina.start Server startup in [17853] milliseconds
13-Jun-2026 00:08:28.802 INFO [main] org.apache.catalina.startup.VersionLoggerListener.log Server version name:   Apache Tomcat/10.1.55
13-Jun-2026 00:08:28.815 INFO [main] org.apache.catalina.startup.VersionLoggerListener.log Server built:          May 5 2026 13:33:02 UTC
13-Jun-2026 00:08:28.815 INFO [main] org.apache.catalina.startup.VersionLoggerListener.log Server version number: 10.1.55.0
13-Jun-2026 00:08:28.818 INFO [main] org.apache.catalina.startup.VersionLoggerListener.log OS Name:               Windows 11
13-Jun-2026 00:08:28.820 INFO [main] org.apache.catalina.startup.VersionLoggerListener.log OS Version:            10.0
13-Jun-2026 00:08:28.821 INFO [main] org.apache.catalina.startup.VersionLoggerListener.log Architecture:          amd64
13-Jun-2026 00:08:28.822 INFO [main] org.apache.catalina.startup.VersionLoggerListener.log Java Home:             C:\Program Files\Eclipse Adoptium\jdk-17.0.17.10-hotspot
13-Jun-2026 00:08:28.822 INFO [main] org.apache.catalina.startup.VersionLoggerListener.log JVM Version:           17.0.17+10
13-Jun-2026 00:08:28.822 INFO [main] org.apache.catalina.startup.VersionLoggerListener.log JVM Vendor:            Eclipse Adoptium
13-Jun-2026 00:08:28.823 INFO [main] org.apache.catalina.startup.VersionLoggerListener.log CATALINA_BASE:         C:\Users\Lenovo\Desktop\RADHIKA BE\3rd sem\PBL\dsatm-exam-system_main\dsatm-exam-system\apache-tomcat-10.1.55
13-Jun-2026 00:08:28.824 INFO [main] org.apache.catalina.startup.VersionLoggerListener.log CATALINA_HOME:         C:\Users\Lenovo\Desktop\RADHIKA BE\3rd sem\PBL\dsatm-exam-system_main\dsatm-exam-system\apache-tomcat-10.1.55
13-Jun-2026 00:08:28.842 INFO [main] org.apache.catalina.startup.VersionLoggerListener.log Command line argument: -Djava.util.logging.config.file=C:\Users\Lenovo\Desktop\RADHIKA BE\3rd sem\PBL\dsatm-exam-system_main\dsatm-exam-system\apache-tomcat-10.1.55\conf\logging.properties
13-Jun-2026 00:08:28.843 INFO [main] org.apache.catalina.startup.VersionLoggerListener.log Command line argument: -Djava.util.logging.manager=org.apache.juli.ClassLoaderLogManager
13-Jun-2026 00:08:28.844 INFO [main] org.apache.catalina.startup.VersionLoggerListener.log Command line argument: -Djdk.tls.ephemeralDHKeySize=2048
13-Jun-2026 00:08:28.845 INFO [main] org.apache.catalina.startup.VersionLoggerListener.log Command line argument: -Djava.protocol.handler.pkgs=org.apache.catalina.webresources
13-Jun-2026 00:08:28.847 INFO [main] org.apache.catalina.startup.VersionLoggerListener.log Command line argument: -Dsun.io.useCanonCaches=false
13-Jun-2026 00:08:28.849 INFO [main] org.apache.catalina.startup.VersionLoggerListener.log Command line argument: --add-opens=java.base/java.lang=ALL-UNNAMED
13-Jun-2026 00:08:28.851 INFO [main] org.apache.catalina.startup.VersionLoggerListener.log Command line argument: --add-opens=java.base/java.lang.reflect=ALL-UNNAMED
13-Jun-2026 00:08:28.852 INFO [main] org.apache.catalina.startup.VersionLoggerListener.log Command line argument: --add-opens=java.base/java.io=ALL-UNNAMED
13-Jun-2026 00:08:28.853 INFO [main] org.apache.catalina.startup.VersionLoggerListener.log Command line argument: --add-opens=java.base/java.util=ALL-UNNAMED
13-Jun-2026 00:08:28.854 INFO [main] org.apache.catalina.startup.VersionLoggerListener.log Command line argument: --add-opens=java.base/java.util.concurrent=ALL-UNNAMED
13-Jun-2026 00:08:28.855 INFO [main] org.apache.catalina.startup.VersionLoggerListener.log Command line argument: --add-opens=java.rmi/sun.rmi.transport=ALL-UNNAMED
13-Jun-2026 00:08:28.857 INFO [main] org.apache.catalina.startup.VersionLoggerListener.log Command line argument: -Dcatalina.base=C:\Users\Lenovo\Desktop\RADHIKA BE\3rd sem\PBL\dsatm-exam-system_main\dsatm-exam-system\apache-tomcat-10.1.55
13-Jun-2026 00:08:28.859 INFO [main] org.apache.catalina.startup.VersionLoggerListener.log Command line argument: -Dcatalina.home=C:\Users\Lenovo\Desktop\RADHIKA BE\3rd sem\PBL\dsatm-exam-system_main\dsatm-exam-system\apache-tomcat-10.1.55
13-Jun-2026 00:08:28.859 INFO [main] org.apache.catalina.startup.VersionLoggerListener.log Command line argument: -Djava.io.tmpdir=C:\Users\Lenovo\Desktop\RADHIKA BE\3rd sem\PBL\dsatm-exam-system_main\dsatm-exam-system\apache-tomcat-10.1.55\temp
13-Jun-2026 00:08:28.867 INFO [main] org.apache.catalina.core.AprLifecycleListener.lifecycleEvent Loaded Apache Tomcat Native library [2.0.14] using APR version [1.7.6].
13-Jun-2026 00:08:28.883 INFO [main] org.apache.catalina.core.AprLifecycleListener.initializeSSL OpenSSL successfully initialized [OpenSSL 3.5.5 27 Jan 2026]
13-Jun-2026 00:08:30.124 INFO [main] org.apache.coyote.AbstractProtocol.init Initializing ProtocolHandler ["http-nio-8080"]
13-Jun-2026 00:08:30.321 INFO [main] org.apache.catalina.startup.Catalina.load Server initialization in [1985] milliseconds
13-Jun-2026 00:08:30.533 INFO [main] org.apache.catalina.core.StandardService.startInternal Starting service [Catalina]
13-Jun-2026 00:08:30.537 INFO [main] org.apache.catalina.core.StandardEngine.startInternal Starting Servlet engine: [Apache Tomcat/10.1.55]
13-Jun-2026 00:08:30.580 INFO [main] org.apache.catalina.startup.HostConfig.deployDirectory Deploying web application directory [C:\Users\Lenovo\Desktop\RADHIKA BE\3rd sem\PBL\dsatm-exam-system_main\dsatm-exam-system\apache-tomcat-10.1.55\webapps\docs]
13-Jun-2026 00:08:51.883 INFO [main] org.apache.jasper.servlet.TldScanner.scanJars At least one JAR was scanned for TLDs yet contained no TLDs. Enable debug logging for this logger for a complete list of JARs that were scanned but no TLDs were found in them. Skipping unneeded JARs during scanning can improve startup time and JSP compilation time.
13-Jun-2026 00:08:52.495 WARNING [main] org.apache.catalina.util.SessionIdGeneratorBase.createSecureRandom Creation of SecureRandom instance for session ID generation using [SHA1PRNG] took [466] milliseconds.
13-Jun-2026 00:08:52.681 INFO [main] org.apache.catalina.startup.HostConfig.deployDirectory Deployment of web application directory [C:\Users\Lenovo\Desktop\RADHIKA BE\3rd sem\PBL\dsatm-exam-system_main\dsatm-exam-system\apache-tomcat-10.1.55\webapps\docs] has finished in [22,101] ms
13-Jun-2026 00:08:52.685 INFO [main] org.apache.catalina.startup.HostConfig.deployDirectory Deploying web application directory [C:\Users\Lenovo\Desktop\RADHIKA BE\3rd sem\PBL\dsatm-exam-system_main\dsatm-exam-system\apache-tomcat-10.1.55\webapps\ETS]
13-Jun-2026 00:09:12.522 INFO [main] org.apache.jasper.servlet.TldScanner.scanJars At least one JAR was scanned for TLDs yet contained no TLDs. Enable debug logging for this logger for a complete list of JARs that were scanned but no TLDs were found in them. Skipping unneeded JARs during scanning can improve startup time and JSP compilation time.
13-Jun-2026 00:09:12.787 INFO [main] org.apache.catalina.startup.HostConfig.deployDirectory Deployment of web application directory [C:\Users\Lenovo\Desktop\RADHIKA BE\3rd sem\PBL\dsatm-exam-system_main\dsatm-exam-system\apache-tomcat-10.1.55\webapps\ETS] has finished in [20,099] ms
13-Jun-2026 00:09:12.831 INFO [main] org.apache.catalina.startup.HostConfig.deployDirectory Deploying web application directory [C:\Users\Lenovo\Desktop\RADHIKA BE\3rd sem\PBL\dsatm-exam-system_main\dsatm-exam-system\apache-tomcat-10.1.55\webapps\examples]
13-Jun-2026 00:09:19.617 INFO [main] org.apache.jasper.servlet.TldScanner.scanJars At least one JAR was scanned for TLDs yet contained no TLDs. Enable debug logging for this logger for a complete list of JARs that were scanned but no TLDs were found in them. Skipping unneeded JARs during scanning can improve startup time and JSP compilation time.
13-Jun-2026 00:09:20.005 INFO [main] org.apache.catalina.startup.HostConfig.deployDirectory Deployment of web application directory [C:\Users\Lenovo\Desktop\RADHIKA BE\3rd sem\PBL\dsatm-exam-system_main\dsatm-exam-system\apache-tomcat-10.1.55\webapps\examples] has finished in [7,199] ms
13-Jun-2026 00:09:20.006 INFO [main] org.apache.catalina.startup.HostConfig.deployDirectory Deploying web application directory [C:\Users\Lenovo\Desktop\RADHIKA BE\3rd sem\PBL\dsatm-exam-system_main\dsatm-exam-system\apache-tomcat-10.1.55\webapps\host-manager]
13-Jun-2026 00:09:23.371 INFO [main] org.apache.jasper.servlet.TldScanner.scanJars At least one JAR was scanned for TLDs yet contained no TLDs. Enable debug logging for this logger for a complete list of JARs that were scanned but no TLDs were found in them. Skipping unneeded JARs during scanning can improve startup time and JSP compilation time.
13-Jun-2026 00:09:23.392 INFO [main] org.apache.catalina.startup.HostConfig.deployDirectory Deployment of web application directory [C:\Users\Lenovo\Desktop\RADHIKA BE\3rd sem\PBL\dsatm-exam-system_main\dsatm-exam-system\apache-tomcat-10.1.55\webapps\host-manager] has finished in [3,386] ms
13-Jun-2026 00:09:23.394 INFO [main] org.apache.catalina.startup.HostConfig.deployDirectory Deploying web application directory [C:\Users\Lenovo\Desktop\RADHIKA BE\3rd sem\PBL\dsatm-exam-system_main\dsatm-exam-system\apache-tomcat-10.1.55\webapps\manager]
13-Jun-2026 00:09:27.763 INFO [main] org.apache.jasper.servlet.TldScanner.scanJars At least one JAR was scanned for TLDs yet contained no TLDs. Enable debug logging for this logger for a complete list of JARs that were scanned but no TLDs were found in them. Skipping unneeded JARs during scanning can improve startup time and JSP compilation time.
13-Jun-2026 00:09:27.781 INFO [main] org.apache.catalina.startup.HostConfig.deployDirectory Deployment of web application directory [C:\Users\Lenovo\Desktop\RADHIKA BE\3rd sem\PBL\dsatm-exam-system_main\dsatm-exam-system\apache-tomcat-10.1.55\webapps\manager] has finished in [4,386] ms
13-Jun-2026 00:09:27.783 INFO [main] org.apache.catalina.startup.HostConfig.deployDirectory Deploying web application directory [C:\Users\Lenovo\Desktop\RADHIKA BE\3rd sem\PBL\dsatm-exam-system_main\dsatm-exam-system\apache-tomcat-10.1.55\webapps\ROOT]
13-Jun-2026 00:09:31.043 INFO [main] org.apache.jasper.servlet.TldScanner.scanJars At least one JAR was scanned for TLDs yet contained no TLDs. Enable debug logging for this logger for a complete list of JARs that were scanned but no TLDs were found in them. Skipping unneeded JARs during scanning can improve startup time and JSP compilation time.
13-Jun-2026 00:09:31.053 INFO [main] org.apache.catalina.startup.HostConfig.deployDirectory Deployment of web application directory [C:\Users\Lenovo\Desktop\RADHIKA BE\3rd sem\PBL\dsatm-exam-system_main\dsatm-exam-system\apache-tomcat-10.1.55\webapps\ROOT] has finished in [3,270] ms
13-Jun-2026 00:09:31.063 INFO [main] org.apache.coyote.AbstractProtocol.start Starting ProtocolHandler ["http-nio-8080"]
13-Jun-2026 00:09:31.231 INFO [main] org.apache.catalina.startup.Catalina.start Server startup in [60907] milliseconds
13-Jun-2026 00:20:20.436 INFO [main] org.apache.catalina.startup.VersionLoggerListener.log Server version name:   Apache Tomcat/10.1.55
13-Jun-2026 00:20:20.446 INFO [main] org.apache.catalina.startup.VersionLoggerListener.log Server built:          May 5 2026 13:33:02 UTC
13-Jun-2026 00:20:20.447 INFO [main] org.apache.catalina.startup.VersionLoggerListener.log Server version number: 10.1.55.0
13-Jun-2026 00:20:20.447 INFO [main] org.apache.catalina.startup.VersionLoggerListener.log OS Name:               Windows 11
13-Jun-2026 00:20:20.450 INFO [main] org.apache.catalina.startup.VersionLoggerListener.log OS Version:            10.0
13-Jun-2026 00:20:20.450 INFO [main] org.apache.catalina.startup.VersionLoggerListener.log Architecture:          amd64
13-Jun-2026 00:20:20.451 INFO [main] org.apache.catalina.startup.VersionLoggerListener.log Java Home:             C:\Program Files\Eclipse Adoptium\jdk-17.0.17.10-hotspot
13-Jun-2026 00:20:20.452 INFO [main] org.apache.catalina.startup.VersionLoggerListener.log JVM Version:           17.0.17+10
13-Jun-2026 00:20:20.454 INFO [main] org.apache.catalina.startup.VersionLoggerListener.log JVM Vendor:            Eclipse Adoptium
13-Jun-2026 00:20:20.462 INFO [main] org.apache.catalina.startup.VersionLoggerListener.log CATALINA_BASE:         C:\Users\Lenovo\Desktop\RADHIKA BE\3rd sem\PBL\dsatm-exam-system_main\dsatm-exam-system\apache-tomcat-10.1.55
13-Jun-2026 00:20:20.486 INFO [main] org.apache.catalina.startup.VersionLoggerListener.log CATALINA_HOME:         C:\Users\Lenovo\Desktop\RADHIKA BE\3rd sem\PBL\dsatm-exam-system_main\dsatm-exam-system\apache-tomcat-10.1.55
13-Jun-2026 00:20:20.489 INFO [main] org.apache.catalina.startup.VersionLoggerListener.log Command line argument: -Djava.util.logging.config.file=C:\Users\Lenovo\Desktop\RADHIKA BE\3rd sem\PBL\dsatm-exam-system_main\dsatm-exam-system\apache-tomcat-10.1.55\conf\logging.properties
13-Jun-2026 00:20:20.489 INFO [main] org.apache.catalina.startup.VersionLoggerListener.log Command line argument: -Djava.util.logging.manager=org.apache.juli.ClassLoaderLogManager
13-Jun-2026 00:20:20.490 INFO [main] org.apache.catalina.startup.VersionLoggerListener.log Command line argument: -Djdk.tls.ephemeralDHKeySize=2048
13-Jun-2026 00:20:20.492 INFO [main] org.apache.catalina.startup.VersionLoggerListener.log Command line argument: -Djava.protocol.handler.pkgs=org.apache.catalina.webresources
13-Jun-2026 00:20:20.494 INFO [main] org.apache.catalina.startup.VersionLoggerListener.log Command line argument: -Dsun.io.useCanonCaches=false
13-Jun-2026 00:20:20.498 INFO [main] org.apache.catalina.startup.VersionLoggerListener.log Command line argument: --add-opens=java.base/java.lang=ALL-UNNAMED
13-Jun-2026 00:20:20.502 INFO [main] org.apache.catalina.startup.VersionLoggerListener.log Command line argument: --add-opens=java.base/java.lang.reflect=ALL-UNNAMED
13-Jun-2026 00:20:20.503 INFO [main] org.apache.catalina.startup.VersionLoggerListener.log Command line argument: --add-opens=java.base/java.io=ALL-UNNAMED
13-Jun-2026 00:20:20.504 INFO [main] org.apache.catalina.startup.VersionLoggerListener.log Command line argument: --add-opens=java.base/java.util=ALL-UNNAMED
13-Jun-2026 00:20:20.506 INFO [main] org.apache.catalina.startup.VersionLoggerListener.log Command line argument: --add-opens=java.base/java.util.concurrent=ALL-UNNAMED
13-Jun-2026 00:20:20.508 INFO [main] org.apache.catalina.startup.VersionLoggerListener.log Command line argument: --add-opens=java.rmi/sun.rmi.transport=ALL-UNNAMED
13-Jun-2026 00:20:20.508 INFO [main] org.apache.catalina.startup.VersionLoggerListener.log Command line argument: -Dcatalina.base=C:\Users\Lenovo\Desktop\RADHIKA BE\3rd sem\PBL\dsatm-exam-system_main\dsatm-exam-system\apache-tomcat-10.1.55
13-Jun-2026 00:20:20.509 INFO [main] org.apache.catalina.startup.VersionLoggerListener.log Command line argument: -Dcatalina.home=C:\Users\Lenovo\Desktop\RADHIKA BE\3rd sem\PBL\dsatm-exam-system_main\dsatm-exam-system\apache-tomcat-10.1.55
13-Jun-2026 00:20:20.510 INFO [main] org.apache.catalina.startup.VersionLoggerListener.log Command line argument: -Djava.io.tmpdir=C:\Users\Lenovo\Desktop\RADHIKA BE\3rd sem\PBL\dsatm-exam-system_main\dsatm-exam-system\apache-tomcat-10.1.55\temp
13-Jun-2026 00:20:20.524 INFO [main] org.apache.catalina.core.AprLifecycleListener.lifecycleEvent Loaded Apache Tomcat Native library [2.0.14] using APR version [1.7.6].
13-Jun-2026 00:20:20.558 INFO [main] org.apache.catalina.core.AprLifecycleListener.initializeSSL OpenSSL successfully initialized [OpenSSL 3.5.5 27 Jan 2026]
13-Jun-2026 00:20:21.396 INFO [main] org.apache.coyote.AbstractProtocol.init Initializing ProtocolHandler ["http-nio-8080"]
13-Jun-2026 00:20:21.550 INFO [main] org.apache.catalina.startup.Catalina.load Server initialization in [1656] milliseconds
13-Jun-2026 00:20:21.861 INFO [main] org.apache.catalina.core.StandardService.startInternal Starting service [Catalina]
13-Jun-2026 00:20:21.862 INFO [main] org.apache.catalina.core.StandardEngine.startInternal Starting Servlet engine: [Apache Tomcat/10.1.55]
13-Jun-2026 00:20:21.913 INFO [main] org.apache.catalina.startup.HostConfig.deployDirectory Deploying web application directory [C:\Users\Lenovo\Desktop\RADHIKA BE\3rd sem\PBL\dsatm-exam-system_main\dsatm-exam-system\apache-tomcat-10.1.55\webapps\docs]
13-Jun-2026 00:20:30.139 INFO [main] org.apache.jasper.servlet.TldScanner.scanJars At least one JAR was scanned for TLDs yet contained no TLDs. Enable debug logging for this logger for a complete list of JARs that were scanned but no TLDs were found in them. Skipping unneeded JARs during scanning can improve startup time and JSP compilation time.
13-Jun-2026 00:20:30.342 WARNING [main] org.apache.catalina.util.SessionIdGeneratorBase.createSecureRandom Creation of SecureRandom instance for session ID generation using [SHA1PRNG] took [135] milliseconds.
13-Jun-2026 00:20:30.410 INFO [main] org.apache.catalina.startup.HostConfig.deployDirectory Deployment of web application directory [C:\Users\Lenovo\Desktop\RADHIKA BE\3rd sem\PBL\dsatm-exam-system_main\dsatm-exam-system\apache-tomcat-10.1.55\webapps\docs] has finished in [8,497] ms
13-Jun-2026 00:20:30.412 INFO [main] org.apache.catalina.startup.HostConfig.deployDirectory Deploying web application directory [C:\Users\Lenovo\Desktop\RADHIKA BE\3rd sem\PBL\dsatm-exam-system_main\dsatm-exam-system\apache-tomcat-10.1.55\webapps\ETS]
13-Jun-2026 00:20:33.666 INFO [main] org.apache.jasper.servlet.TldScanner.scanJars At least one JAR was scanned for TLDs yet contained no TLDs. Enable debug logging for this logger for a complete list of JARs that were scanned but no TLDs were found in them. Skipping unneeded JARs during scanning can improve startup time and JSP compilation time.
13-Jun-2026 00:20:33.686 INFO [main] org.apache.catalina.startup.HostConfig.deployDirectory Deployment of web application directory [C:\Users\Lenovo\Desktop\RADHIKA BE\3rd sem\PBL\dsatm-exam-system_main\dsatm-exam-system\apache-tomcat-10.1.55\webapps\ETS] has finished in [3,274] ms
13-Jun-2026 00:20:33.688 INFO [main] org.apache.catalina.startup.HostConfig.deployDirectory Deploying web application directory [C:\Users\Lenovo\Desktop\RADHIKA BE\3rd sem\PBL\dsatm-exam-system_main\dsatm-exam-system\apache-tomcat-10.1.55\webapps\examples]
13-Jun-2026 00:20:37.474 INFO [main] org.apache.jasper.servlet.TldScanner.scanJars At least one JAR was scanned for TLDs yet contained no TLDs. Enable debug logging for this logger for a complete list of JARs that were scanned but no TLDs were found in them. Skipping unneeded JARs during scanning can improve startup time and JSP compilation time.
13-Jun-2026 00:20:37.720 INFO [main] org.apache.catalina.startup.HostConfig.deployDirectory Deployment of web application directory [C:\Users\Lenovo\Desktop\RADHIKA BE\3rd sem\PBL\dsatm-exam-system_main\dsatm-exam-system\apache-tomcat-10.1.55\webapps\examples] has finished in [4,031] ms
13-Jun-2026 00:20:37.720 INFO [main] org.apache.catalina.startup.HostConfig.deployDirectory Deploying web application directory [C:\Users\Lenovo\Desktop\RADHIKA BE\3rd sem\PBL\dsatm-exam-system_main\dsatm-exam-system\apache-tomcat-10.1.55\webapps\host-manager]
13-Jun-2026 00:20:40.480 INFO [main] org.apache.jasper.servlet.TldScanner.scanJars At least one JAR was scanned for TLDs yet contained no TLDs. Enable debug logging for this logger for a complete list of JARs that were scanned but no TLDs were found in them. Skipping unneeded JARs during scanning can improve startup time and JSP compilation time.
13-Jun-2026 00:20:40.500 INFO [main] org.apache.catalina.startup.HostConfig.deployDirectory Deployment of web application directory [C:\Users\Lenovo\Desktop\RADHIKA BE\3rd sem\PBL\dsatm-exam-system_main\dsatm-exam-system\apache-tomcat-10.1.55\webapps\host-manager] has finished in [2,779] ms
13-Jun-2026 00:20:40.501 INFO [main] org.apache.catalina.startup.HostConfig.deployDirectory Deploying web application directory [C:\Users\Lenovo\Desktop\RADHIKA BE\3rd sem\PBL\dsatm-exam-system_main\dsatm-exam-system\apache-tomcat-10.1.55\webapps\manager]
13-Jun-2026 00:20:43.507 INFO [main] org.apache.jasper.servlet.TldScanner.scanJars At least one JAR was scanned for TLDs yet contained no TLDs. Enable debug logging for this logger for a complete list of JARs that were scanned but no TLDs were found in them. Skipping unneeded JARs during scanning can improve startup time and JSP compilation time.
13-Jun-2026 00:20:43.515 INFO [main] org.apache.catalina.startup.HostConfig.deployDirectory Deployment of web application directory [C:\Users\Lenovo\Desktop\RADHIKA BE\3rd sem\PBL\dsatm-exam-system_main\dsatm-exam-system\apache-tomcat-10.1.55\webapps\manager] has finished in [3,013] ms
13-Jun-2026 00:20:43.516 INFO [main] org.apache.catalina.startup.HostConfig.deployDirectory Deploying web application directory [C:\Users\Lenovo\Desktop\RADHIKA BE\3rd sem\PBL\dsatm-exam-system_main\dsatm-exam-system\apache-tomcat-10.1.55\webapps\ROOT]
13-Jun-2026 00:20:46.100 INFO [main] org.apache.jasper.servlet.TldScanner.scanJars At least one JAR was scanned for TLDs yet contained no TLDs. Enable debug logging for this logger for a complete list of JARs that were scanned but no TLDs were found in them. Skipping unneeded JARs during scanning can improve startup time and JSP compilation time.
13-Jun-2026 00:20:46.108 INFO [main] org.apache.catalina.startup.HostConfig.deployDirectory Deployment of web application directory [C:\Users\Lenovo\Desktop\RADHIKA BE\3rd sem\PBL\dsatm-exam-system_main\dsatm-exam-system\apache-tomcat-10.1.55\webapps\ROOT] has finished in [2,592] ms
13-Jun-2026 00:20:46.118 INFO [main] org.apache.coyote.AbstractProtocol.start Starting ProtocolHandler ["http-nio-8080"]
13-Jun-2026 00:20:46.245 INFO [main] org.apache.catalina.startup.Catalina.start Server startup in [24692] milliseconds
13-Jun-2026 00:34:46.325 INFO [main] org.apache.catalina.startup.VersionLoggerListener.log Server version name:   Apache Tomcat/10.1.55
13-Jun-2026 00:34:46.346 INFO [main] org.apache.catalina.startup.VersionLoggerListener.log Server built:          May 5 2026 13:33:02 UTC
13-Jun-2026 00:34:46.348 INFO [main] org.apache.catalina.startup.VersionLoggerListener.log Server version number: 10.1.55.0
13-Jun-2026 00:34:46.348 INFO [main] org.apache.catalina.startup.VersionLoggerListener.log OS Name:               Windows 11
13-Jun-2026 00:34:46.349 INFO [main] org.apache.catalina.startup.VersionLoggerListener.log OS Version:            10.0
13-Jun-2026 00:34:46.349 INFO [main] org.apache.catalina.startup.VersionLoggerListener.log Architecture:          amd64
13-Jun-2026 00:34:46.351 INFO [main] org.apache.catalina.startup.VersionLoggerListener.log Java Home:             C:\Program Files\Eclipse Adoptium\jdk-17.0.17.10-hotspot
13-Jun-2026 00:34:46.364 INFO [main] org.apache.catalina.startup.VersionLoggerListener.log JVM Version:           17.0.17+10
13-Jun-2026 00:34:46.367 INFO [main] org.apache.catalina.startup.VersionLoggerListener.log JVM Vendor:            Eclipse Adoptium
13-Jun-2026 00:34:46.368 INFO [main] org.apache.catalina.startup.VersionLoggerListener.log CATALINA_BASE:         C:\Users\Lenovo\Desktop\RADHIKA BE\3rd sem\PBL\dsatm-exam-system_main\dsatm-exam-system\apache-tomcat-10.1.55
13-Jun-2026 00:34:46.372 INFO [main] org.apache.catalina.startup.VersionLoggerListener.log CATALINA_HOME:         C:\Users\Lenovo\Desktop\RADHIKA BE\3rd sem\PBL\dsatm-exam-system_main\dsatm-exam-system\apache-tomcat-10.1.55
13-Jun-2026 00:34:46.412 INFO [main] org.apache.catalina.startup.VersionLoggerListener.log Command line argument: -Djava.util.logging.config.file=C:\Users\Lenovo\Desktop\RADHIKA BE\3rd sem\PBL\dsatm-exam-system_main\dsatm-exam-system\apache-tomcat-10.1.55\conf\logging.properties
13-Jun-2026 00:34:46.437 INFO [main] org.apache.catalina.startup.VersionLoggerListener.log Command line argument: -Djava.util.logging.manager=org.apache.juli.ClassLoaderLogManager
13-Jun-2026 00:34:46.439 INFO [main] org.apache.catalina.startup.VersionLoggerListener.log Command line argument: -Djdk.tls.ephemeralDHKeySize=2048
13-Jun-2026 00:34:46.440 INFO [main] org.apache.catalina.startup.VersionLoggerListener.log Command line argument: -Djava.protocol.handler.pkgs=org.apache.catalina.webresources
13-Jun-2026 00:34:46.440 INFO [main] org.apache.catalina.startup.VersionLoggerListener.log Command line argument: -Dsun.io.useCanonCaches=false
13-Jun-2026 00:34:46.447 INFO [main] org.apache.catalina.startup.VersionLoggerListener.log Command line argument: --add-opens=java.base/java.lang=ALL-UNNAMED
13-Jun-2026 00:34:46.452 INFO [main] org.apache.catalina.startup.VersionLoggerListener.log Command line argument: --add-opens=java.base/java.lang.reflect=ALL-UNNAMED
13-Jun-2026 00:34:46.455 INFO [main] org.apache.catalina.startup.VersionLoggerListener.log Command line argument: --add-opens=java.base/java.io=ALL-UNNAMED
13-Jun-2026 00:34:46.456 INFO [main] org.apache.catalina.startup.VersionLoggerListener.log Command line argument: --add-opens=java.base/java.util=ALL-UNNAMED
13-Jun-2026 00:34:46.457 INFO [main] org.apache.catalina.startup.VersionLoggerListener.log Command line argument: --add-opens=java.base/java.util.concurrent=ALL-UNNAMED
13-Jun-2026 00:34:46.457 INFO [main] org.apache.catalina.startup.VersionLoggerListener.log Command line argument: --add-opens=java.rmi/sun.rmi.transport=ALL-UNNAMED
13-Jun-2026 00:34:46.458 INFO [main] org.apache.catalina.startup.VersionLoggerListener.log Command line argument: -Dcatalina.base=C:\Users\Lenovo\Desktop\RADHIKA BE\3rd sem\PBL\dsatm-exam-system_main\dsatm-exam-system\apache-tomcat-10.1.55
13-Jun-2026 00:34:46.458 INFO [main] org.apache.catalina.startup.VersionLoggerListener.log Command line argument: -Dcatalina.home=C:\Users\Lenovo\Desktop\RADHIKA BE\3rd sem\PBL\dsatm-exam-system_main\dsatm-exam-system\apache-tomcat-10.1.55
13-Jun-2026 00:34:46.467 INFO [main] org.apache.catalina.startup.VersionLoggerListener.log Command line argument: -Djava.io.tmpdir=C:\Users\Lenovo\Desktop\RADHIKA BE\3rd sem\PBL\dsatm-exam-system_main\dsatm-exam-system\apache-tomcat-10.1.55\temp
13-Jun-2026 00:34:46.477 INFO [main] org.apache.catalina.core.AprLifecycleListener.lifecycleEvent Loaded Apache Tomcat Native library [2.0.14] using APR version [1.7.6].
13-Jun-2026 00:34:46.507 INFO [main] org.apache.catalina.core.AprLifecycleListener.initializeSSL OpenSSL successfully initialized [OpenSSL 3.5.5 27 Jan 2026]
13-Jun-2026 00:34:47.545 INFO [main] org.apache.coyote.AbstractProtocol.init Initializing ProtocolHandler ["http-nio-8080"]
13-Jun-2026 00:34:47.790 INFO [main] org.apache.catalina.startup.Catalina.load Server initialization in [2142] milliseconds
13-Jun-2026 00:34:48.036 INFO [main] org.apache.catalina.core.StandardService.startInternal Starting service [Catalina]
13-Jun-2026 00:34:48.037 INFO [main] org.apache.catalina.core.StandardEngine.startInternal Starting Servlet engine: [Apache Tomcat/10.1.55]
13-Jun-2026 00:34:48.086 INFO [main] org.apache.catalina.startup.HostConfig.deployDirectory Deploying web application directory [C:\Users\Lenovo\Desktop\RADHIKA BE\3rd sem\PBL\dsatm-exam-system_main\dsatm-exam-system\apache-tomcat-10.1.55\webapps\docs]
13-Jun-2026 00:34:55.335 INFO [main] org.apache.jasper.servlet.TldScanner.scanJars At least one JAR was scanned for TLDs yet contained no TLDs. Enable debug logging for this logger for a complete list of JARs that were scanned but no TLDs were found in them. Skipping unneeded JARs during scanning can improve startup time and JSP compilation time.
13-Jun-2026 00:34:55.617 WARNING [main] org.apache.catalina.util.SessionIdGeneratorBase.createSecureRandom Creation of SecureRandom instance for session ID generation using [SHA1PRNG] took [179] milliseconds.
13-Jun-2026 00:34:55.728 INFO [main] org.apache.catalina.startup.HostConfig.deployDirectory Deployment of web application directory [C:\Users\Lenovo\Desktop\RADHIKA BE\3rd sem\PBL\dsatm-exam-system_main\dsatm-exam-system\apache-tomcat-10.1.55\webapps\docs] has finished in [7,643] ms
13-Jun-2026 00:34:55.729 INFO [main] org.apache.catalina.startup.HostConfig.deployDirectory Deploying web application directory [C:\Users\Lenovo\Desktop\RADHIKA BE\3rd sem\PBL\dsatm-exam-system_main\dsatm-exam-system\apache-tomcat-10.1.55\webapps\ETS]
13-Jun-2026 00:34:59.930 INFO [main] org.apache.jasper.servlet.TldScanner.scanJars At least one JAR was scanned for TLDs yet contained no TLDs. Enable debug logging for this logger for a complete list of JARs that were scanned but no TLDs were found in them. Skipping unneeded JARs during scanning can improve startup time and JSP compilation time.
13-Jun-2026 00:34:59.958 INFO [main] org.apache.catalina.startup.HostConfig.deployDirectory Deployment of web application directory [C:\Users\Lenovo\Desktop\RADHIKA BE\3rd sem\PBL\dsatm-exam-system_main\dsatm-exam-system\apache-tomcat-10.1.55\webapps\ETS] has finished in [4,229] ms
13-Jun-2026 00:34:59.959 INFO [main] org.apache.catalina.startup.HostConfig.deployDirectory Deploying web application directory [C:\Users\Lenovo\Desktop\RADHIKA BE\3rd sem\PBL\dsatm-exam-system_main\dsatm-exam-system\apache-tomcat-10.1.55\webapps\examples]
13-Jun-2026 00:35:04.091 INFO [main] org.apache.jasper.servlet.TldScanner.scanJars At least one JAR was scanned for TLDs yet contained no TLDs. Enable debug logging for this logger for a complete list of JARs that were scanned but no TLDs were found in them. Skipping unneeded JARs during scanning can improve startup time and JSP compilation time.
13-Jun-2026 00:35:04.389 INFO [main] org.apache.catalina.startup.HostConfig.deployDirectory Deployment of web application directory [C:\Users\Lenovo\Desktop\RADHIKA BE\3rd sem\PBL\dsatm-exam-system_main\dsatm-exam-system\apache-tomcat-10.1.55\webapps\examples] has finished in [4,430] ms
13-Jun-2026 00:35:04.390 INFO [main] org.apache.catalina.startup.HostConfig.deployDirectory Deploying web application directory [C:\Users\Lenovo\Desktop\RADHIKA BE\3rd sem\PBL\dsatm-exam-system_main\dsatm-exam-system\apache-tomcat-10.1.55\webapps\host-manager]
13-Jun-2026 00:35:07.232 INFO [main] org.apache.jasper.servlet.TldScanner.scanJars At least one JAR was scanned for TLDs yet contained no TLDs. Enable debug logging for this logger for a complete list of JARs that were scanned but no TLDs were found in them. Skipping unneeded JARs during scanning can improve startup time and JSP compilation time.
13-Jun-2026 00:35:07.250 INFO [main] org.apache.catalina.startup.HostConfig.deployDirectory Deployment of web application directory [C:\Users\Lenovo\Desktop\RADHIKA BE\3rd sem\PBL\dsatm-exam-system_main\dsatm-exam-system\apache-tomcat-10.1.55\webapps\host-manager] has finished in [2,859] ms
13-Jun-2026 00:35:07.251 INFO [main] org.apache.catalina.startup.HostConfig.deployDirectory Deploying web application directory [C:\Users\Lenovo\Desktop\RADHIKA BE\3rd sem\PBL\dsatm-exam-system_main\dsatm-exam-system\apache-tomcat-10.1.55\webapps\manager]
13-Jun-2026 00:35:10.158 INFO [main] org.apache.jasper.servlet.TldScanner.scanJars At least one JAR was scanned for TLDs yet contained no TLDs. Enable debug logging for this logger for a complete list of JARs that were scanned but no TLDs were found in them. Skipping unneeded JARs during scanning can improve startup time and JSP compilation time.
13-Jun-2026 00:35:10.169 INFO [main] org.apache.catalina.startup.HostConfig.deployDirectory Deployment of web application directory [C:\Users\Lenovo\Desktop\RADHIKA BE\3rd sem\PBL\dsatm-exam-system_main\dsatm-exam-system\apache-tomcat-10.1.55\webapps\manager] has finished in [2,918] ms
13-Jun-2026 00:35:10.169 INFO [main] org.apache.catalina.startup.HostConfig.deployDirectory Deploying web application directory [C:\Users\Lenovo\Desktop\RADHIKA BE\3rd sem\PBL\dsatm-exam-system_main\dsatm-exam-system\apache-tomcat-10.1.55\webapps\ROOT]
13-Jun-2026 00:35:13.093 INFO [main] org.apache.jasper.servlet.TldScanner.scanJars At least one JAR was scanned for TLDs yet contained no TLDs. Enable debug logging for this logger for a complete list of JARs that were scanned but no TLDs were found in them. Skipping unneeded JARs during scanning can improve startup time and JSP compilation time.
13-Jun-2026 00:35:13.101 INFO [main] org.apache.catalina.startup.HostConfig.deployDirectory Deployment of web application directory [C:\Users\Lenovo\Desktop\RADHIKA BE\3rd sem\PBL\dsatm-exam-system_main\dsatm-exam-system\apache-tomcat-10.1.55\webapps\ROOT] has finished in [2,932] ms
13-Jun-2026 00:35:13.120 INFO [main] org.apache.coyote.AbstractProtocol.start Starting ProtocolHandler ["http-nio-8080"]
13-Jun-2026 00:35:13.281 INFO [main] org.apache.catalina.startup.Catalina.start Server startup in [25489] milliseconds
13-Jun-2026 00:45:26.577 INFO [main] org.apache.catalina.startup.VersionLoggerListener.log Server version name:   Apache Tomcat/10.1.55
13-Jun-2026 00:45:26.616 INFO [main] org.apache.catalina.startup.VersionLoggerListener.log Server built:          May 5 2026 13:33:02 UTC
13-Jun-2026 00:45:26.634 INFO [main] org.apache.catalina.startup.VersionLoggerListener.log Server version number: 10.1.55.0
13-Jun-2026 00:45:26.643 INFO [main] org.apache.catalina.startup.VersionLoggerListener.log OS Name:               Windows 11
13-Jun-2026 00:45:26.650 INFO [main] org.apache.catalina.startup.VersionLoggerListener.log OS Version:            10.0
13-Jun-2026 00:45:26.705 INFO [main] org.apache.catalina.startup.VersionLoggerListener.log Architecture:          amd64
13-Jun-2026 00:45:27.132 INFO [main] org.apache.catalina.startup.VersionLoggerListener.log Java Home:             C:\Program Files\Eclipse Adoptium\jdk-17.0.17.10-hotspot
13-Jun-2026 00:45:27.134 INFO [main] org.apache.catalina.startup.VersionLoggerListener.log JVM Version:           17.0.17+10
13-Jun-2026 00:45:27.150 INFO [main] org.apache.catalina.startup.VersionLoggerListener.log JVM Vendor:            Eclipse Adoptium
13-Jun-2026 00:45:27.394 INFO [main] org.apache.catalina.startup.VersionLoggerListener.log CATALINA_BASE:         C:\Users\Lenovo\Desktop\RADHIKA BE\3rd sem\PBL\dsatm-exam-system_main\dsatm-exam-system\apache-tomcat-10.1.55
13-Jun-2026 00:45:27.415 INFO [main] org.apache.catalina.startup.VersionLoggerListener.log CATALINA_HOME:         C:\Users\Lenovo\Desktop\RADHIKA BE\3rd sem\PBL\dsatm-exam-system_main\dsatm-exam-system\apache-tomcat-10.1.55
13-Jun-2026 00:45:27.529 INFO [main] org.apache.catalina.startup.VersionLoggerListener.log Command line argument: -Djava.util.logging.config.file=C:\Users\Lenovo\Desktop\RADHIKA BE\3rd sem\PBL\dsatm-exam-system_main\dsatm-exam-system\apache-tomcat-10.1.55\conf\logging.properties
13-Jun-2026 00:45:27.534 INFO [main] org.apache.catalina.startup.VersionLoggerListener.log Command line argument: -Djava.util.logging.manager=org.apache.juli.ClassLoaderLogManager
13-Jun-2026 00:45:27.536 INFO [main] org.apache.catalina.startup.VersionLoggerListener.log Command line argument: -Djdk.tls.ephemeralDHKeySize=2048
13-Jun-2026 00:45:27.541 INFO [main] org.apache.catalina.startup.VersionLoggerListener.log Command line argument: -Djava.protocol.handler.pkgs=org.apache.catalina.webresources
13-Jun-2026 00:45:27.544 INFO [main] org.apache.catalina.startup.VersionLoggerListener.log Command line argument: -Dsun.io.useCanonCaches=false
13-Jun-2026 00:45:27.545 INFO [main] org.apache.catalina.startup.VersionLoggerListener.log Command line argument: --add-opens=java.base/java.lang=ALL-UNNAMED
13-Jun-2026 00:45:27.548 INFO [main] org.apache.catalina.startup.VersionLoggerListener.log Command line argument: --add-opens=java.base/java.lang.reflect=ALL-UNNAMED
13-Jun-2026 00:45:27.558 INFO [main] org.apache.catalina.startup.VersionLoggerListener.log Command line argument: --add-opens=java.base/java.io=ALL-UNNAMED
13-Jun-2026 00:45:27.560 INFO [main] org.apache.catalina.startup.VersionLoggerListener.log Command line argument: --add-opens=java.base/java.util=ALL-UNNAMED
13-Jun-2026 00:45:27.560 INFO [main] org.apache.catalina.startup.VersionLoggerListener.log Command line argument: --add-opens=java.base/java.util.concurrent=ALL-UNNAMED
13-Jun-2026 00:45:27.561 INFO [main] org.apache.catalina.startup.VersionLoggerListener.log Command line argument: --add-opens=java.rmi/sun.rmi.transport=ALL-UNNAMED
13-Jun-2026 00:45:27.561 INFO [main] org.apache.catalina.startup.VersionLoggerListener.log Command line argument: -Dcatalina.base=C:\Users\Lenovo\Desktop\RADHIKA BE\3rd sem\PBL\dsatm-exam-system_main\dsatm-exam-system\apache-tomcat-10.1.55
13-Jun-2026 00:45:27.562 INFO [main] org.apache.catalina.startup.VersionLoggerListener.log Command line argument: -Dcatalina.home=C:\Users\Lenovo\Desktop\RADHIKA BE\3rd sem\PBL\dsatm-exam-system_main\dsatm-exam-system\apache-tomcat-10.1.55
13-Jun-2026 00:45:27.563 INFO [main] org.apache.catalina.startup.VersionLoggerListener.log Command line argument: -Djava.io.tmpdir=C:\Users\Lenovo\Desktop\RADHIKA BE\3rd sem\PBL\dsatm-exam-system_main\dsatm-exam-system\apache-tomcat-10.1.55\temp
13-Jun-2026 00:45:27.585 INFO [main] org.apache.catalina.core.AprLifecycleListener.lifecycleEvent Loaded Apache Tomcat Native library [2.0.14] using APR version [1.7.6].
13-Jun-2026 00:45:27.613 INFO [main] org.apache.catalina.core.AprLifecycleListener.initializeSSL OpenSSL successfully initialized [OpenSSL 3.5.5 27 Jan 2026]
13-Jun-2026 00:45:29.865 INFO [main] org.apache.coyote.AbstractProtocol.init Initializing ProtocolHandler ["http-nio-8080"]
13-Jun-2026 00:45:30.050 INFO [main] org.apache.catalina.startup.Catalina.load Server initialization in [5373] milliseconds
13-Jun-2026 00:45:30.656 INFO [main] org.apache.catalina.core.StandardService.startInternal Starting service [Catalina]
13-Jun-2026 00:45:30.659 INFO [main] org.apache.catalina.core.StandardEngine.startInternal Starting Servlet engine: [Apache Tomcat/10.1.55]
13-Jun-2026 00:45:30.916 INFO [main] org.apache.catalina.startup.HostConfig.deployDirectory Deploying web application directory [C:\Users\Lenovo\Desktop\RADHIKA BE\3rd sem\PBL\dsatm-exam-system_main\dsatm-exam-system\apache-tomcat-10.1.55\webapps\docs]
13-Jun-2026 00:45:42.919 INFO [main] org.apache.jasper.servlet.TldScanner.scanJars At least one JAR was scanned for TLDs yet contained no TLDs. Enable debug logging for this logger for a complete list of JARs that were scanned but no TLDs were found in them. Skipping unneeded JARs during scanning can improve startup time and JSP compilation time.
13-Jun-2026 00:45:43.556 WARNING [main] org.apache.catalina.util.SessionIdGeneratorBase.createSecureRandom Creation of SecureRandom instance for session ID generation using [SHA1PRNG] took [400] milliseconds.
13-Jun-2026 00:45:43.707 INFO [main] org.apache.catalina.startup.HostConfig.deployDirectory Deployment of web application directory [C:\Users\Lenovo\Desktop\RADHIKA BE\3rd sem\PBL\dsatm-exam-system_main\dsatm-exam-system\apache-tomcat-10.1.55\webapps\docs] has finished in [12,790] ms
13-Jun-2026 00:45:43.709 INFO [main] org.apache.catalina.startup.HostConfig.deployDirectory Deploying web application directory [C:\Users\Lenovo\Desktop\RADHIKA BE\3rd sem\PBL\dsatm-exam-system_main\dsatm-exam-system\apache-tomcat-10.1.55\webapps\ETS]
13-Jun-2026 00:45:58.309 INFO [main] org.apache.jasper.servlet.TldScanner.scanJars At least one JAR was scanned for TLDs yet contained no TLDs. Enable debug logging for this logger for a complete list of JARs that were scanned but no TLDs were found in them. Skipping unneeded JARs during scanning can improve startup time and JSP compilation time.
13-Jun-2026 00:45:58.339 INFO [main] org.apache.catalina.startup.HostConfig.deployDirectory Deployment of web application directory [C:\Users\Lenovo\Desktop\RADHIKA BE\3rd sem\PBL\dsatm-exam-system_main\dsatm-exam-system\apache-tomcat-10.1.55\webapps\ETS] has finished in [14,629] ms
13-Jun-2026 00:45:58.340 INFO [main] org.apache.catalina.startup.HostConfig.deployDirectory Deploying web application directory [C:\Users\Lenovo\Desktop\RADHIKA BE\3rd sem\PBL\dsatm-exam-system_main\dsatm-exam-system\apache-tomcat-10.1.55\webapps\examples]
13-Jun-2026 00:46:03.034 INFO [main] org.apache.jasper.servlet.TldScanner.scanJars At least one JAR was scanned for TLDs yet contained no TLDs. Enable debug logging for this logger for a complete list of JARs that were scanned but no TLDs were found in them. Skipping unneeded JARs during scanning can improve startup time and JSP compilation time.
13-Jun-2026 00:46:03.366 INFO [main] org.apache.catalina.startup.HostConfig.deployDirectory Deployment of web application directory [C:\Users\Lenovo\Desktop\RADHIKA BE\3rd sem\PBL\dsatm-exam-system_main\dsatm-exam-system\apache-tomcat-10.1.55\webapps\examples] has finished in [5,025] ms
13-Jun-2026 00:46:03.366 INFO [main] org.apache.catalina.startup.HostConfig.deployDirectory Deploying web application directory [C:\Users\Lenovo\Desktop\RADHIKA BE\3rd sem\PBL\dsatm-exam-system_main\dsatm-exam-system\apache-tomcat-10.1.55\webapps\host-manager]
13-Jun-2026 00:46:06.557 INFO [main] org.apache.jasper.servlet.TldScanner.scanJars At least one JAR was scanned for TLDs yet contained no TLDs. Enable debug logging for this logger for a complete list of JARs that were scanned but no TLDs were found in them. Skipping unneeded JARs during scanning can improve startup time and JSP compilation time.
13-Jun-2026 00:46:06.580 INFO [main] org.apache.catalina.startup.HostConfig.deployDirectory Deployment of web application directory [C:\Users\Lenovo\Desktop\RADHIKA BE\3rd sem\PBL\dsatm-exam-system_main\dsatm-exam-system\apache-tomcat-10.1.55\webapps\host-manager] has finished in [3,214] ms
13-Jun-2026 00:46:06.581 INFO [main] org.apache.catalina.startup.HostConfig.deployDirectory Deploying web application directory [C:\Users\Lenovo\Desktop\RADHIKA BE\3rd sem\PBL\dsatm-exam-system_main\dsatm-exam-system\apache-tomcat-10.1.55\webapps\manager]
13-Jun-2026 00:46:10.298 INFO [main] org.apache.jasper.servlet.TldScanner.scanJars At least one JAR was scanned for TLDs yet contained no TLDs. Enable debug logging for this logger for a complete list of JARs that were scanned but no TLDs were found in them. Skipping unneeded JARs during scanning can improve startup time and JSP compilation time.
13-Jun-2026 00:46:10.308 INFO [main] org.apache.catalina.startup.HostConfig.deployDirectory Deployment of web application directory [C:\Users\Lenovo\Desktop\RADHIKA BE\3rd sem\PBL\dsatm-exam-system_main\dsatm-exam-system\apache-tomcat-10.1.55\webapps\manager] has finished in [3,726] ms
13-Jun-2026 00:46:10.308 INFO [main] org.apache.catalina.startup.HostConfig.deployDirectory Deploying web application directory [C:\Users\Lenovo\Desktop\RADHIKA BE\3rd sem\PBL\dsatm-exam-system_main\dsatm-exam-system\apache-tomcat-10.1.55\webapps\ROOT]
13-Jun-2026 00:46:13.196 INFO [main] org.apache.jasper.servlet.TldScanner.scanJars At least one JAR was scanned for TLDs yet contained no TLDs. Enable debug logging for this logger for a complete list of JARs that were scanned but no TLDs were found in them. Skipping unneeded JARs during scanning can improve startup time and JSP compilation time.
13-Jun-2026 00:46:13.205 INFO [main] org.apache.catalina.startup.HostConfig.deployDirectory Deployment of web application directory [C:\Users\Lenovo\Desktop\RADHIKA BE\3rd sem\PBL\dsatm-exam-system_main\dsatm-exam-system\apache-tomcat-10.1.55\webapps\ROOT] has finished in [2,896] ms
13-Jun-2026 00:46:13.216 INFO [main] org.apache.coyote.AbstractProtocol.start Starting ProtocolHandler ["http-nio-8080"]
13-Jun-2026 00:46:13.338 INFO [main] org.apache.catalina.startup.Catalina.start Server startup in [43275] milliseconds
13-Jun-2026 00:53:05.339 INFO [main] org.apache.catalina.startup.VersionLoggerListener.log Server version name:   Apache Tomcat/10.1.55
13-Jun-2026 00:53:05.348 INFO [main] org.apache.catalina.startup.VersionLoggerListener.log Server built:          May 5 2026 13:33:02 UTC
13-Jun-2026 00:53:05.349 INFO [main] org.apache.catalina.startup.VersionLoggerListener.log Server version number: 10.1.55.0
13-Jun-2026 00:53:05.350 INFO [main] org.apache.catalina.startup.VersionLoggerListener.log OS Name:               Windows 11
13-Jun-2026 00:53:05.351 INFO [main] org.apache.catalina.startup.VersionLoggerListener.log OS Version:            10.0
13-Jun-2026 00:53:05.351 INFO [main] org.apache.catalina.startup.VersionLoggerListener.log Architecture:          amd64
13-Jun-2026 00:53:05.352 INFO [main] org.apache.catalina.startup.VersionLoggerListener.log Java Home:             C:\Program Files\Eclipse Adoptium\jdk-17.0.17.10-hotspot
13-Jun-2026 00:53:05.352 INFO [main] org.apache.catalina.startup.VersionLoggerListener.log JVM Version:           17.0.17+10
13-Jun-2026 00:53:05.353 INFO [main] org.apache.catalina.startup.VersionLoggerListener.log JVM Vendor:            Eclipse Adoptium
13-Jun-2026 00:53:05.353 INFO [main] org.apache.catalina.startup.VersionLoggerListener.log CATALINA_BASE:         C:\Users\Lenovo\Desktop\RADHIKA BE\3rd sem\PBL\dsatm-exam-system_main\dsatm-exam-system\apache-tomcat-10.1.55
13-Jun-2026 00:53:05.354 INFO [main] org.apache.catalina.startup.VersionLoggerListener.log CATALINA_HOME:         C:\Users\Lenovo\Desktop\RADHIKA BE\3rd sem\PBL\dsatm-exam-system_main\dsatm-exam-system\apache-tomcat-10.1.55
13-Jun-2026 00:53:05.380 INFO [main] org.apache.catalina.startup.VersionLoggerListener.log Command line argument: -Djava.util.logging.config.file=C:\Users\Lenovo\Desktop\RADHIKA BE\3rd sem\PBL\dsatm-exam-system_main\dsatm-exam-system\apache-tomcat-10.1.55\conf\logging.properties
13-Jun-2026 00:53:05.382 INFO [main] org.apache.catalina.startup.VersionLoggerListener.log Command line argument: -Djava.util.logging.manager=org.apache.juli.ClassLoaderLogManager
13-Jun-2026 00:53:05.383 INFO [main] org.apache.catalina.startup.VersionLoggerListener.log Command line argument: -Djdk.tls.ephemeralDHKeySize=2048
13-Jun-2026 00:53:05.386 INFO [main] org.apache.catalina.startup.VersionLoggerListener.log Command line argument: -Djava.protocol.handler.pkgs=org.apache.catalina.webresources
13-Jun-2026 00:53:05.387 INFO [main] org.apache.catalina.startup.VersionLoggerListener.log Command line argument: -Dsun.io.useCanonCaches=false
13-Jun-2026 00:53:05.388 INFO [main] org.apache.catalina.startup.VersionLoggerListener.log Command line argument: --add-opens=java.base/java.lang=ALL-UNNAMED
13-Jun-2026 00:53:05.389 INFO [main] org.apache.catalina.startup.VersionLoggerListener.log Command line argument: --add-opens=java.base/java.lang.reflect=ALL-UNNAMED
13-Jun-2026 00:53:05.389 INFO [main] org.apache.catalina.startup.VersionLoggerListener.log Command line argument: --add-opens=java.base/java.io=ALL-UNNAMED
13-Jun-2026 00:53:05.392 INFO [main] org.apache.catalina.startup.VersionLoggerListener.log Command line argument: --add-opens=java.base/java.util=ALL-UNNAMED
13-Jun-2026 00:53:05.392 INFO [main] org.apache.catalina.startup.VersionLoggerListener.log Command line argument: --add-opens=java.base/java.util.concurrent=ALL-UNNAMED
13-Jun-2026 00:53:05.393 INFO [main] org.apache.catalina.startup.VersionLoggerListener.log Command line argument: --add-opens=java.rmi/sun.rmi.transport=ALL-UNNAMED
13-Jun-2026 00:53:05.394 INFO [main] org.apache.catalina.startup.VersionLoggerListener.log Command line argument: -Dcatalina.base=C:\Users\Lenovo\Desktop\RADHIKA BE\3rd sem\PBL\dsatm-exam-system_main\dsatm-exam-system\apache-tomcat-10.1.55
13-Jun-2026 00:53:05.394 INFO [main] org.apache.catalina.startup.VersionLoggerListener.log Command line argument: -Dcatalina.home=C:\Users\Lenovo\Desktop\RADHIKA BE\3rd sem\PBL\dsatm-exam-system_main\dsatm-exam-system\apache-tomcat-10.1.55
13-Jun-2026 00:53:05.395 INFO [main] org.apache.catalina.startup.VersionLoggerListener.log Command line argument: -Djava.io.tmpdir=C:\Users\Lenovo\Desktop\RADHIKA BE\3rd sem\PBL\dsatm-exam-system_main\dsatm-exam-system\apache-tomcat-10.1.55\temp
13-Jun-2026 00:53:05.406 INFO [main] org.apache.catalina.core.AprLifecycleListener.lifecycleEvent Loaded Apache Tomcat Native library [2.0.14] using APR version [1.7.6].
13-Jun-2026 00:53:05.424 INFO [main] org.apache.catalina.core.AprLifecycleListener.initializeSSL OpenSSL successfully initialized [OpenSSL 3.5.5 27 Jan 2026]
13-Jun-2026 00:53:06.198 INFO [main] org.apache.coyote.AbstractProtocol.init Initializing ProtocolHandler ["http-nio-8080"]
13-Jun-2026 00:53:06.299 INFO [main] org.apache.catalina.startup.Catalina.load Server initialization in [1431] milliseconds
13-Jun-2026 00:53:06.481 INFO [main] org.apache.catalina.core.StandardService.startInternal Starting service [Catalina]
13-Jun-2026 00:53:06.483 INFO [main] org.apache.catalina.core.StandardEngine.startInternal Starting Servlet engine: [Apache Tomcat/10.1.55]
13-Jun-2026 00:53:06.517 INFO [main] org.apache.catalina.startup.HostConfig.deployDirectory Deploying web application directory [C:\Users\Lenovo\Desktop\RADHIKA BE\3rd sem\PBL\dsatm-exam-system_main\dsatm-exam-system\apache-tomcat-10.1.55\webapps\docs]
13-Jun-2026 00:53:19.431 INFO [main] org.apache.jasper.servlet.TldScanner.scanJars At least one JAR was scanned for TLDs yet contained no TLDs. Enable debug logging for this logger for a complete list of JARs that were scanned but no TLDs were found in them. Skipping unneeded JARs during scanning can improve startup time and JSP compilation time.
13-Jun-2026 00:53:19.753 WARNING [main] org.apache.catalina.util.SessionIdGeneratorBase.createSecureRandom Creation of SecureRandom instance for session ID generation using [SHA1PRNG] took [247] milliseconds.
13-Jun-2026 00:53:19.880 INFO [main] org.apache.catalina.startup.HostConfig.deployDirectory Deployment of web application directory [C:\Users\Lenovo\Desktop\RADHIKA BE\3rd sem\PBL\dsatm-exam-system_main\dsatm-exam-system\apache-tomcat-10.1.55\webapps\docs] has finished in [13,361] ms
13-Jun-2026 00:53:19.881 INFO [main] org.apache.catalina.startup.HostConfig.deployDirectory Deploying web application directory [C:\Users\Lenovo\Desktop\RADHIKA BE\3rd sem\PBL\dsatm-exam-system_main\dsatm-exam-system\apache-tomcat-10.1.55\webapps\ETS]
13-Jun-2026 00:53:35.021 INFO [main] org.apache.jasper.servlet.TldScanner.scanJars At least one JAR was scanned for TLDs yet contained no TLDs. Enable debug logging for this logger for a complete list of JARs that were scanned but no TLDs were found in them. Skipping unneeded JARs during scanning can improve startup time and JSP compilation time.
13-Jun-2026 00:53:35.118 INFO [main] org.apache.catalina.startup.HostConfig.deployDirectory Deployment of web application directory [C:\Users\Lenovo\Desktop\RADHIKA BE\3rd sem\PBL\dsatm-exam-system_main\dsatm-exam-system\apache-tomcat-10.1.55\webapps\ETS] has finished in [15,234] ms
13-Jun-2026 00:53:35.202 INFO [main] org.apache.catalina.startup.HostConfig.deployDirectory Deploying web application directory [C:\Users\Lenovo\Desktop\RADHIKA BE\3rd sem\PBL\dsatm-exam-system_main\dsatm-exam-system\apache-tomcat-10.1.55\webapps\examples]
13-Jun-2026 00:53:39.625 INFO [main] org.apache.jasper.servlet.TldScanner.scanJars At least one JAR was scanned for TLDs yet contained no TLDs. Enable debug logging for this logger for a complete list of JARs that were scanned but no TLDs were found in them. Skipping unneeded JARs during scanning can improve startup time and JSP compilation time.
13-Jun-2026 00:53:39.832 INFO [main] org.apache.catalina.startup.HostConfig.deployDirectory Deployment of web application directory [C:\Users\Lenovo\Desktop\RADHIKA BE\3rd sem\PBL\dsatm-exam-system_main\dsatm-exam-system\apache-tomcat-10.1.55\webapps\examples] has finished in [4,631] ms
13-Jun-2026 00:53:39.833 INFO [main] org.apache.catalina.startup.HostConfig.deployDirectory Deploying web application directory [C:\Users\Lenovo\Desktop\RADHIKA BE\3rd sem\PBL\dsatm-exam-system_main\dsatm-exam-system\apache-tomcat-10.1.55\webapps\host-manager]
13-Jun-2026 00:53:42.099 INFO [main] org.apache.jasper.servlet.TldScanner.scanJars At least one JAR was scanned for TLDs yet contained no TLDs. Enable debug logging for this logger for a complete list of JARs that were scanned but no TLDs were found in them. Skipping unneeded JARs during scanning can improve startup time and JSP compilation time.
13-Jun-2026 00:53:42.116 INFO [main] org.apache.catalina.startup.HostConfig.deployDirectory Deployment of web application directory [C:\Users\Lenovo\Desktop\RADHIKA BE\3rd sem\PBL\dsatm-exam-system_main\dsatm-exam-system\apache-tomcat-10.1.55\webapps\host-manager] has finished in [2,283] ms
13-Jun-2026 00:53:42.117 INFO [main] org.apache.catalina.startup.HostConfig.deployDirectory Deploying web application directory [C:\Users\Lenovo\Desktop\RADHIKA BE\3rd sem\PBL\dsatm-exam-system_main\dsatm-exam-system\apache-tomcat-10.1.55\webapps\manager]
13-Jun-2026 00:53:44.485 INFO [main] org.apache.jasper.servlet.TldScanner.scanJars At least one JAR was scanned for TLDs yet contained no TLDs. Enable debug logging for this logger for a complete list of JARs that were scanned but no TLDs were found in them. Skipping unneeded JARs during scanning can improve startup time and JSP compilation time.
13-Jun-2026 00:53:44.492 INFO [main] org.apache.catalina.startup.HostConfig.deployDirectory Deployment of web application directory [C:\Users\Lenovo\Desktop\RADHIKA BE\3rd sem\PBL\dsatm-exam-system_main\dsatm-exam-system\apache-tomcat-10.1.55\webapps\manager] has finished in [2,376] ms
13-Jun-2026 00:53:44.493 INFO [main] org.apache.catalina.startup.HostConfig.deployDirectory Deploying web application directory [C:\Users\Lenovo\Desktop\RADHIKA BE\3rd sem\PBL\dsatm-exam-system_main\dsatm-exam-system\apache-tomcat-10.1.55\webapps\ROOT]
13-Jun-2026 00:53:46.637 INFO [main] org.apache.jasper.servlet.TldScanner.scanJars At least one JAR was scanned for TLDs yet contained no TLDs. Enable debug logging for this logger for a complete list of JARs that were scanned but no TLDs were found in them. Skipping unneeded JARs during scanning can improve startup time and JSP compilation time.
13-Jun-2026 00:53:46.642 INFO [main] org.apache.catalina.startup.HostConfig.deployDirectory Deployment of web application directory [C:\Users\Lenovo\Desktop\RADHIKA BE\3rd sem\PBL\dsatm-exam-system_main\dsatm-exam-system\apache-tomcat-10.1.55\webapps\ROOT] has finished in [2,150] ms
13-Jun-2026 00:53:46.649 INFO [main] org.apache.coyote.AbstractProtocol.start Starting ProtocolHandler ["http-nio-8080"]
13-Jun-2026 00:53:46.737 INFO [main] org.apache.catalina.startup.Catalina.start Server startup in [40437] milliseconds
13-Jun-2026 07:42:29.787 INFO [main] org.apache.catalina.startup.VersionLoggerListener.log Server version name:   Apache Tomcat/10.1.55
13-Jun-2026 07:42:29.797 INFO [main] org.apache.catalina.startup.VersionLoggerListener.log Server built:          May 5 2026 13:33:02 UTC
13-Jun-2026 07:42:29.797 INFO [main] org.apache.catalina.startup.VersionLoggerListener.log Server version number: 10.1.55.0
13-Jun-2026 07:42:29.798 INFO [main] org.apache.catalina.startup.VersionLoggerListener.log OS Name:               Windows 11
13-Jun-2026 07:42:29.799 INFO [main] org.apache.catalina.startup.VersionLoggerListener.log OS Version:            10.0
13-Jun-2026 07:42:29.799 INFO [main] org.apache.catalina.startup.VersionLoggerListener.log Architecture:          amd64
13-Jun-2026 07:42:29.799 INFO [main] org.apache.catalina.startup.VersionLoggerListener.log Java Home:             C:\Program Files\Eclipse Adoptium\jdk-17.0.17.10-hotspot
13-Jun-2026 07:42:29.800 INFO [main] org.apache.catalina.startup.VersionLoggerListener.log JVM Version:           17.0.17+10
13-Jun-2026 07:42:29.800 INFO [main] org.apache.catalina.startup.VersionLoggerListener.log JVM Vendor:            Eclipse Adoptium
13-Jun-2026 07:42:29.800 INFO [main] org.apache.catalina.startup.VersionLoggerListener.log CATALINA_BASE:         C:\Users\Lenovo\Desktop\RADHIKA BE\3rd sem\PBL\dsatm-exam-system_main\dsatm-exam-system\apache-tomcat-10.1.55
13-Jun-2026 07:42:29.800 INFO [main] org.apache.catalina.startup.VersionLoggerListener.log CATALINA_HOME:         C:\Users\Lenovo\Desktop\RADHIKA BE\3rd sem\PBL\dsatm-exam-system_main\dsatm-exam-system\apache-tomcat-10.1.55
13-Jun-2026 07:42:29.981 INFO [main] org.apache.catalina.startup.VersionLoggerListener.log Command line argument: -Djava.util.logging.config.file=C:\Users\Lenovo\Desktop\RADHIKA BE\3rd sem\PBL\dsatm-exam-system_main\dsatm-exam-system\apache-tomcat-10.1.55\conf\logging.properties
13-Jun-2026 07:42:29.981 INFO [main] org.apache.catalina.startup.VersionLoggerListener.log Command line argument: -Djava.util.logging.manager=org.apache.juli.ClassLoaderLogManager
13-Jun-2026 07:42:29.981 INFO [main] org.apache.catalina.startup.VersionLoggerListener.log Command line argument: -Djdk.tls.ephemeralDHKeySize=2048
13-Jun-2026 07:42:29.983 INFO [main] org.apache.catalina.startup.VersionLoggerListener.log Command line argument: -Djava.protocol.handler.pkgs=org.apache.catalina.webresources
13-Jun-2026 07:42:29.983 INFO [main] org.apache.catalina.startup.VersionLoggerListener.log Command line argument: -Dsun.io.useCanonCaches=false
13-Jun-2026 07:42:29.983 INFO [main] org.apache.catalina.startup.VersionLoggerListener.log Command line argument: --add-opens=java.base/java.lang=ALL-UNNAMED
13-Jun-2026 07:42:29.984 INFO [main] org.apache.catalina.startup.VersionLoggerListener.log Command line argument: --add-opens=java.base/java.lang.reflect=ALL-UNNAMED
13-Jun-2026 07:42:29.984 INFO [main] org.apache.catalina.startup.VersionLoggerListener.log Command line argument: --add-opens=java.base/java.io=ALL-UNNAMED
13-Jun-2026 07:42:29.984 INFO [main] org.apache.catalina.startup.VersionLoggerListener.log Command line argument: --add-opens=java.base/java.util=ALL-UNNAMED
13-Jun-2026 07:42:29.985 INFO [main] org.apache.catalina.startup.VersionLoggerListener.log Command line argument: --add-opens=java.base/java.util.concurrent=ALL-UNNAMED
13-Jun-2026 07:42:29.985 INFO [main] org.apache.catalina.startup.VersionLoggerListener.log Command line argument: --add-opens=java.rmi/sun.rmi.transport=ALL-UNNAMED
13-Jun-2026 07:42:29.985 INFO [main] org.apache.catalina.startup.VersionLoggerListener.log Command line argument: -Dcatalina.base=C:\Users\Lenovo\Desktop\RADHIKA BE\3rd sem\PBL\dsatm-exam-system_main\dsatm-exam-system\apache-tomcat-10.1.55
13-Jun-2026 07:42:29.985 INFO [main] org.apache.catalina.startup.VersionLoggerListener.log Command line argument: -Dcatalina.home=C:\Users\Lenovo\Desktop\RADHIKA BE\3rd sem\PBL\dsatm-exam-system_main\dsatm-exam-system\apache-tomcat-10.1.55
13-Jun-2026 07:42:29.986 INFO [main] org.apache.catalina.startup.VersionLoggerListener.log Command line argument: -Djava.io.tmpdir=C:\Users\Lenovo\Desktop\RADHIKA BE\3rd sem\PBL\dsatm-exam-system_main\dsatm-exam-system\apache-tomcat-10.1.55\temp
13-Jun-2026 07:42:29.997 INFO [main] org.apache.catalina.core.AprLifecycleListener.lifecycleEvent Loaded Apache Tomcat Native library [2.0.14] using APR version [1.7.6].
13-Jun-2026 07:42:30.027 INFO [main] org.apache.catalina.core.AprLifecycleListener.initializeSSL OpenSSL successfully initialized [OpenSSL 3.5.5 27 Jan 2026]
13-Jun-2026 07:42:30.449 INFO [main] org.apache.coyote.AbstractProtocol.init Initializing ProtocolHandler ["http-nio-8080"]
13-Jun-2026 07:42:30.574 INFO [main] org.apache.catalina.startup.Catalina.load Server initialization in [1071] milliseconds
13-Jun-2026 07:42:30.732 INFO [main] org.apache.catalina.core.StandardService.startInternal Starting service [Catalina]
13-Jun-2026 07:42:30.733 INFO [main] org.apache.catalina.core.StandardEngine.startInternal Starting Servlet engine: [Apache Tomcat/10.1.55]
13-Jun-2026 07:42:30.760 INFO [main] org.apache.catalina.startup.HostConfig.deployDirectory Deploying web application directory [C:\Users\Lenovo\Desktop\RADHIKA BE\3rd sem\PBL\dsatm-exam-system_main\dsatm-exam-system\apache-tomcat-10.1.55\webapps\docs]
13-Jun-2026 07:42:36.035 INFO [main] org.apache.jasper.servlet.TldScanner.scanJars At least one JAR was scanned for TLDs yet contained no TLDs. Enable debug logging for this logger for a complete list of JARs that were scanned but no TLDs were found in them. Skipping unneeded JARs during scanning can improve startup time and JSP compilation time.
13-Jun-2026 07:42:36.227 WARNING [main] org.apache.catalina.util.SessionIdGeneratorBase.createSecureRandom Creation of SecureRandom instance for session ID generation using [SHA1PRNG] took [118] milliseconds.
13-Jun-2026 07:42:36.298 INFO [main] org.apache.catalina.startup.HostConfig.deployDirectory Deployment of web application directory [C:\Users\Lenovo\Desktop\RADHIKA BE\3rd sem\PBL\dsatm-exam-system_main\dsatm-exam-system\apache-tomcat-10.1.55\webapps\docs] has finished in [5,539] ms
13-Jun-2026 07:42:36.299 INFO [main] org.apache.catalina.startup.HostConfig.deployDirectory Deploying web application directory [C:\Users\Lenovo\Desktop\RADHIKA BE\3rd sem\PBL\dsatm-exam-system_main\dsatm-exam-system\apache-tomcat-10.1.55\webapps\ETS]
13-Jun-2026 07:42:40.409 INFO [main] org.apache.jasper.servlet.TldScanner.scanJars At least one JAR was scanned for TLDs yet contained no TLDs. Enable debug logging for this logger for a complete list of JARs that were scanned but no TLDs were found in them. Skipping unneeded JARs during scanning can improve startup time and JSP compilation time.
13-Jun-2026 07:42:40.431 INFO [main] org.apache.catalina.startup.HostConfig.deployDirectory Deployment of web application directory [C:\Users\Lenovo\Desktop\RADHIKA BE\3rd sem\PBL\dsatm-exam-system_main\dsatm-exam-system\apache-tomcat-10.1.55\webapps\ETS] has finished in [4,132] ms
13-Jun-2026 07:42:40.432 INFO [main] org.apache.catalina.startup.HostConfig.deployDirectory Deploying web application directory [C:\Users\Lenovo\Desktop\RADHIKA BE\3rd sem\PBL\dsatm-exam-system_main\dsatm-exam-system\apache-tomcat-10.1.55\webapps\examples]
13-Jun-2026 07:42:45.538 INFO [main] org.apache.jasper.servlet.TldScanner.scanJars At least one JAR was scanned for TLDs yet contained no TLDs. Enable debug logging for this logger for a complete list of JARs that were scanned but no TLDs were found in them. Skipping unneeded JARs during scanning can improve startup time and JSP compilation time.
13-Jun-2026 07:42:45.737 INFO [main] org.apache.catalina.startup.HostConfig.deployDirectory Deployment of web application directory [C:\Users\Lenovo\Desktop\RADHIKA BE\3rd sem\PBL\dsatm-exam-system_main\dsatm-exam-system\apache-tomcat-10.1.55\webapps\examples] has finished in [5,303] ms
13-Jun-2026 07:42:45.738 INFO [main] org.apache.catalina.startup.HostConfig.deployDirectory Deploying web application directory [C:\Users\Lenovo\Desktop\RADHIKA BE\3rd sem\PBL\dsatm-exam-system_main\dsatm-exam-system\apache-tomcat-10.1.55\webapps\host-manager]
13-Jun-2026 07:42:49.440 INFO [main] org.apache.jasper.servlet.TldScanner.scanJars At least one JAR was scanned for TLDs yet contained no TLDs. Enable debug logging for this logger for a complete list of JARs that were scanned but no TLDs were found in them. Skipping unneeded JARs during scanning can improve startup time and JSP compilation time.
13-Jun-2026 07:42:49.462 INFO [main] org.apache.catalina.startup.HostConfig.deployDirectory Deployment of web application directory [C:\Users\Lenovo\Desktop\RADHIKA BE\3rd sem\PBL\dsatm-exam-system_main\dsatm-exam-system\apache-tomcat-10.1.55\webapps\host-manager] has finished in [3,723] ms
13-Jun-2026 07:42:49.463 INFO [main] org.apache.catalina.startup.HostConfig.deployDirectory Deploying web application directory [C:\Users\Lenovo\Desktop\RADHIKA BE\3rd sem\PBL\dsatm-exam-system_main\dsatm-exam-system\apache-tomcat-10.1.55\webapps\manager]
13-Jun-2026 07:42:52.764 INFO [main] org.apache.jasper.servlet.TldScanner.scanJars At least one JAR was scanned for TLDs yet contained no TLDs. Enable debug logging for this logger for a complete list of JARs that were scanned but no TLDs were found in them. Skipping unneeded JARs during scanning can improve startup time and JSP compilation time.
13-Jun-2026 07:42:52.771 INFO [main] org.apache.catalina.startup.HostConfig.deployDirectory Deployment of web application directory [C:\Users\Lenovo\Desktop\RADHIKA BE\3rd sem\PBL\dsatm-exam-system_main\dsatm-exam-system\apache-tomcat-10.1.55\webapps\manager] has finished in [3,309] ms
13-Jun-2026 07:42:52.772 INFO [main] org.apache.catalina.startup.HostConfig.deployDirectory Deploying web application directory [C:\Users\Lenovo\Desktop\RADHIKA BE\3rd sem\PBL\dsatm-exam-system_main\dsatm-exam-system\apache-tomcat-10.1.55\webapps\ROOT]
13-Jun-2026 07:42:56.265 INFO [main] org.apache.jasper.servlet.TldScanner.scanJars At least one JAR was scanned for TLDs yet contained no TLDs. Enable debug logging for this logger for a complete list of JARs that were scanned but no TLDs were found in them. Skipping unneeded JARs during scanning can improve startup time and JSP compilation time.
13-Jun-2026 07:42:56.274 INFO [main] org.apache.catalina.startup.HostConfig.deployDirectory Deployment of web application directory [C:\Users\Lenovo\Desktop\RADHIKA BE\3rd sem\PBL\dsatm-exam-system_main\dsatm-exam-system\apache-tomcat-10.1.55\webapps\ROOT] has finished in [3,501] ms
13-Jun-2026 07:42:56.320 INFO [main] org.apache.coyote.AbstractProtocol.start Starting ProtocolHandler ["http-nio-8080"]
13-Jun-2026 07:42:56.466 INFO [main] org.apache.catalina.startup.Catalina.start Server startup in [25890] milliseconds
13-Jun-2026 07:45:16.354 INFO [Thread-1] org.apache.coyote.AbstractProtocol.pause Pausing ProtocolHandler ["http-nio-8080"]
13-Jun-2026 07:45:16.881 INFO [Thread-1] org.apache.catalina.core.StandardService.stopInternal Stopping service [Catalina]
13-Jun-2026 07:45:16.974 INFO [Thread-1] org.apache.coyote.AbstractProtocol.stop Stopping ProtocolHandler ["http-nio-8080"]
13-Jun-2026 07:45:16.982 INFO [Thread-1] org.apache.coyote.AbstractProtocol.destroy Destroying ProtocolHandler ["http-nio-8080"]
13-Jun-2026 10:08:07.272 INFO [main] org.apache.catalina.startup.VersionLoggerListener.log Server version name:   Apache Tomcat/10.1.55
13-Jun-2026 10:08:07.281 INFO [main] org.apache.catalina.startup.VersionLoggerListener.log Server built:          May 5 2026 13:33:02 UTC
13-Jun-2026 10:08:07.282 INFO [main] org.apache.catalina.startup.VersionLoggerListener.log Server version number: 10.1.55.0
13-Jun-2026 10:08:07.283 INFO [main] org.apache.catalina.startup.VersionLoggerListener.log OS Name:               Windows 11
13-Jun-2026 10:08:07.283 INFO [main] org.apache.catalina.startup.VersionLoggerListener.log OS Version:            10.0
13-Jun-2026 10:08:07.284 INFO [main] org.apache.catalina.startup.VersionLoggerListener.log Architecture:          amd64
13-Jun-2026 10:08:07.284 INFO [main] org.apache.catalina.startup.VersionLoggerListener.log Java Home:             C:\Program Files\Eclipse Adoptium\jdk-17.0.17.10-hotspot
13-Jun-2026 10:08:07.285 INFO [main] org.apache.catalina.startup.VersionLoggerListener.log JVM Version:           17.0.17+10
13-Jun-2026 10:08:07.285 INFO [main] org.apache.catalina.startup.VersionLoggerListener.log JVM Vendor:            Eclipse Adoptium
13-Jun-2026 10:08:07.286 INFO [main] org.apache.catalina.startup.VersionLoggerListener.log CATALINA_BASE:         C:\Users\Lenovo\Desktop\RADHIKA BE\3rd sem\PBL\dsatm-exam-system_main\dsatm-exam-system\apache-tomcat-10.1.55
13-Jun-2026 10:08:07.286 INFO [main] org.apache.catalina.startup.VersionLoggerListener.log CATALINA_HOME:         C:\Users\Lenovo\Desktop\RADHIKA BE\3rd sem\PBL\dsatm-exam-system_main\dsatm-exam-system\apache-tomcat-10.1.55
13-Jun-2026 10:08:07.311 INFO [main] org.apache.catalina.startup.VersionLoggerListener.log Command line argument: -Djava.util.logging.config.file=C:\Users\Lenovo\Desktop\RADHIKA BE\3rd sem\PBL\dsatm-exam-system_main\dsatm-exam-system\apache-tomcat-10.1.55\conf\logging.properties
13-Jun-2026 10:08:07.311 INFO [main] org.apache.catalina.startup.VersionLoggerListener.log Command line argument: -Djava.util.logging.manager=org.apache.juli.ClassLoaderLogManager
13-Jun-2026 10:08:07.312 INFO [main] org.apache.catalina.startup.VersionLoggerListener.log Command line argument: -Djdk.tls.ephemeralDHKeySize=2048
13-Jun-2026 10:08:07.312 INFO [main] org.apache.catalina.startup.VersionLoggerListener.log Command line argument: -Djava.protocol.handler.pkgs=org.apache.catalina.webresources
13-Jun-2026 10:08:07.312 INFO [main] org.apache.catalina.startup.VersionLoggerListener.log Command line argument: -Dsun.io.useCanonCaches=false
13-Jun-2026 10:08:07.314 INFO [main] org.apache.catalina.startup.VersionLoggerListener.log Command line argument: --add-opens=java.base/java.lang=ALL-UNNAMED
13-Jun-2026 10:08:07.314 INFO [main] org.apache.catalina.startup.VersionLoggerListener.log Command line argument: --add-opens=java.base/java.lang.reflect=ALL-UNNAMED
13-Jun-2026 10:08:07.316 INFO [main] org.apache.catalina.startup.VersionLoggerListener.log Command line argument: --add-opens=java.base/java.io=ALL-UNNAMED
13-Jun-2026 10:08:07.316 INFO [main] org.apache.catalina.startup.VersionLoggerListener.log Command line argument: --add-opens=java.base/java.util=ALL-UNNAMED
13-Jun-2026 10:08:07.317 INFO [main] org.apache.catalina.startup.VersionLoggerListener.log Command line argument: --add-opens=java.base/java.util.concurrent=ALL-UNNAMED
13-Jun-2026 10:08:07.318 INFO [main] org.apache.catalina.startup.VersionLoggerListener.log Command line argument: --add-opens=java.rmi/sun.rmi.transport=ALL-UNNAMED
13-Jun-2026 10:08:07.318 INFO [main] org.apache.catalina.startup.VersionLoggerListener.log Command line argument: -Dcatalina.base=C:\Users\Lenovo\Desktop\RADHIKA BE\3rd sem\PBL\dsatm-exam-system_main\dsatm-exam-system\apache-tomcat-10.1.55
13-Jun-2026 10:08:07.318 INFO [main] org.apache.catalina.startup.VersionLoggerListener.log Command line argument: -Dcatalina.home=C:\Users\Lenovo\Desktop\RADHIKA BE\3rd sem\PBL\dsatm-exam-system_main\dsatm-exam-system\apache-tomcat-10.1.55
13-Jun-2026 10:08:07.318 INFO [main] org.apache.catalina.startup.VersionLoggerListener.log Command line argument: -Djava.io.tmpdir=C:\Users\Lenovo\Desktop\RADHIKA BE\3rd sem\PBL\dsatm-exam-system_main\dsatm-exam-system\apache-tomcat-10.1.55\temp
13-Jun-2026 10:08:07.328 INFO [main] org.apache.catalina.core.AprLifecycleListener.lifecycleEvent Loaded Apache Tomcat Native library [2.0.14] using APR version [1.7.6].
13-Jun-2026 10:08:07.347 INFO [main] org.apache.catalina.core.AprLifecycleListener.initializeSSL OpenSSL successfully initialized [OpenSSL 3.5.5 27 Jan 2026]
13-Jun-2026 10:08:07.805 INFO [main] org.apache.coyote.AbstractProtocol.init Initializing ProtocolHandler ["http-nio-8080"]
13-Jun-2026 10:08:07.844 INFO [main] org.apache.catalina.startup.Catalina.load Server initialization in [1018] milliseconds
13-Jun-2026 10:08:07.923 INFO [main] org.apache.catalina.core.StandardService.startInternal Starting service [Catalina]
13-Jun-2026 10:08:07.923 INFO [main] org.apache.catalina.core.StandardEngine.startInternal Starting Servlet engine: [Apache Tomcat/10.1.55]
13-Jun-2026 10:08:07.989 INFO [main] org.apache.catalina.startup.HostConfig.deployDirectory Deploying web application directory [C:\Users\Lenovo\Desktop\RADHIKA BE\3rd sem\PBL\dsatm-exam-system_main\dsatm-exam-system\apache-tomcat-10.1.55\webapps\docs]
13-Jun-2026 10:08:11.306 INFO [main] org.apache.jasper.servlet.TldScanner.scanJars At least one JAR was scanned for TLDs yet contained no TLDs. Enable debug logging for this logger for a complete list of JARs that were scanned but no TLDs were found in them. Skipping unneeded JARs during scanning can improve startup time and JSP compilation time.
13-Jun-2026 10:08:11.494 INFO [main] org.apache.catalina.startup.HostConfig.deployDirectory Deployment of web application directory [C:\Users\Lenovo\Desktop\RADHIKA BE\3rd sem\PBL\dsatm-exam-system_main\dsatm-exam-system\apache-tomcat-10.1.55\webapps\docs] has finished in [3,506] ms
13-Jun-2026 10:08:11.495 INFO [main] org.apache.catalina.startup.HostConfig.deployDirectory Deploying web application directory [C:\Users\Lenovo\Desktop\RADHIKA BE\3rd sem\PBL\dsatm-exam-system_main\dsatm-exam-system\apache-tomcat-10.1.55\webapps\ETS]
13-Jun-2026 10:08:14.299 INFO [main] org.apache.jasper.servlet.TldScanner.scanJars At least one JAR was scanned for TLDs yet contained no TLDs. Enable debug logging for this logger for a complete list of JARs that were scanned but no TLDs were found in them. Skipping unneeded JARs during scanning can improve startup time and JSP compilation time.
13-Jun-2026 10:08:14.315 INFO [main] org.apache.catalina.startup.HostConfig.deployDirectory Deployment of web application directory [C:\Users\Lenovo\Desktop\RADHIKA BE\3rd sem\PBL\dsatm-exam-system_main\dsatm-exam-system\apache-tomcat-10.1.55\webapps\ETS] has finished in [2,820] ms
13-Jun-2026 10:08:14.316 INFO [main] org.apache.catalina.startup.HostConfig.deployDirectory Deploying web application directory [C:\Users\Lenovo\Desktop\RADHIKA BE\3rd sem\PBL\dsatm-exam-system_main\dsatm-exam-system\apache-tomcat-10.1.55\webapps\examples]
13-Jun-2026 10:08:17.018 INFO [main] org.apache.jasper.servlet.TldScanner.scanJars At least one JAR was scanned for TLDs yet contained no TLDs. Enable debug logging for this logger for a complete list of JARs that were scanned but no TLDs were found in them. Skipping unneeded JARs during scanning can improve startup time and JSP compilation time.
13-Jun-2026 10:08:17.112 INFO [main] org.apache.catalina.startup.HostConfig.deployDirectory Deployment of web application directory [C:\Users\Lenovo\Desktop\RADHIKA BE\3rd sem\PBL\dsatm-exam-system_main\dsatm-exam-system\apache-tomcat-10.1.55\webapps\examples] has finished in [2,796] ms
13-Jun-2026 10:08:17.113 INFO [main] org.apache.catalina.startup.HostConfig.deployDirectory Deploying web application directory [C:\Users\Lenovo\Desktop\RADHIKA BE\3rd sem\PBL\dsatm-exam-system_main\dsatm-exam-system\apache-tomcat-10.1.55\webapps\host-manager]
13-Jun-2026 10:08:19.148 INFO [main] org.apache.jasper.servlet.TldScanner.scanJars At least one JAR was scanned for TLDs yet contained no TLDs. Enable debug logging for this logger for a complete list of JARs that were scanned but no TLDs were found in them. Skipping unneeded JARs during scanning can improve startup time and JSP compilation time.
13-Jun-2026 10:08:19.164 INFO [main] org.apache.catalina.startup.HostConfig.deployDirectory Deployment of web application directory [C:\Users\Lenovo\Desktop\RADHIKA BE\3rd sem\PBL\dsatm-exam-system_main\dsatm-exam-system\apache-tomcat-10.1.55\webapps\host-manager] has finished in [2,051] ms
13-Jun-2026 10:08:19.165 INFO [main] org.apache.catalina.startup.HostConfig.deployDirectory Deploying web application directory [C:\Users\Lenovo\Desktop\RADHIKA BE\3rd sem\PBL\dsatm-exam-system_main\dsatm-exam-system\apache-tomcat-10.1.55\webapps\manager]
13-Jun-2026 10:08:21.913 INFO [main] org.apache.jasper.servlet.TldScanner.scanJars At least one JAR was scanned for TLDs yet contained no TLDs. Enable debug logging for this logger for a complete list of JARs that were scanned but no TLDs were found in them. Skipping unneeded JARs during scanning can improve startup time and JSP compilation time.
13-Jun-2026 10:08:21.924 INFO [main] org.apache.catalina.startup.HostConfig.deployDirectory Deployment of web application directory [C:\Users\Lenovo\Desktop\RADHIKA BE\3rd sem\PBL\dsatm-exam-system_main\dsatm-exam-system\apache-tomcat-10.1.55\webapps\manager] has finished in [2,758] ms
13-Jun-2026 10:08:21.924 INFO [main] org.apache.catalina.startup.HostConfig.deployDirectory Deploying web application directory [C:\Users\Lenovo\Desktop\RADHIKA BE\3rd sem\PBL\dsatm-exam-system_main\dsatm-exam-system\apache-tomcat-10.1.55\webapps\ROOT]
13-Jun-2026 10:08:25.062 INFO [main] org.apache.jasper.servlet.TldScanner.scanJars At least one JAR was scanned for TLDs yet contained no TLDs. Enable debug logging for this logger for a complete list of JARs that were scanned but no TLDs were found in them. Skipping unneeded JARs during scanning can improve startup time and JSP compilation time.
13-Jun-2026 10:08:25.074 INFO [main] org.apache.catalina.startup.HostConfig.deployDirectory Deployment of web application directory [C:\Users\Lenovo\Desktop\RADHIKA BE\3rd sem\PBL\dsatm-exam-system_main\dsatm-exam-system\apache-tomcat-10.1.55\webapps\ROOT] has finished in [3,149] ms
13-Jun-2026 10:08:25.085 INFO [main] org.apache.coyote.AbstractProtocol.start Starting ProtocolHandler ["http-nio-8080"]
13-Jun-2026 10:08:25.211 INFO [main] org.apache.catalina.startup.Catalina.start Server startup in [17367] milliseconds
